{"meta": {"format": 3, "version": "7.13.4", "timestamp": "2026-02-19T20:48:51.168812", "branch_coverage": false, "show_contexts": false}, "files": {"app/__init__.py": {"executed_lines": [7, 9], "summary": {"covered_lines": 2, "num_statements": 2, "percent_covered": 100.0, "percent_covered_display": "100", "missing_lines": 0, "excluded_lines": 0, "percent_statements_covered": 100.0, "percent_statements_covered_display": "100"}, "missing_lines": [], "excluded_lines": [], "functions": {"": {"executed_lines": [7, 9], "summary": {"covered_lines": 2, "num_statements": 2, "percent_covered": 100.0, "percent_covered_display": "100", "missing_lines": 0, "excluded_lines": 0, "percent_statements_covered": 100.0, "percent_statements_covered_display": "100"}, "missing_lines": [], "excluded_lines": [], "start_line": 1}}, "classes": {"": {"executed_lines": [7, 9], "summary": {"covered_lines": 2, "num_statements": 2, "percent_covered": 100.0, "percent_covered_display": "100", "missing_lines": 0, "excluded_lines": 0, "percent_statements_covered": 100.0, "percent_statements_covered_display": "100"}, "missing_lines": [], "excluded_lines": [], "start_line": 1}}}, "app/api/__init__.py": {"executed_lines": [4, 6, 19, 23, 31, 32, 33, 39, 45, 52, 59, 66, 73, 80, 87, 94, 100], "summary": {"covered_lines": 17, "num_statements": 17, "percent_covered": 100.0, "percent_covered_display": "100", "missing_lines": 0, "excluded_lines": 0, "percent_statements_covered": 100.0, "percent_statements_covered_display": "100"}, "missing_lines": [], "excluded_lines": [], "functions": {"": {"executed_lines": [4, 6, 19, 23, 31, 32, 33, 39, 45, 52, 59, 66, 73, 80, 87, 94, 100], "summary": {"covered_lines": 17, "num_statements": 17, "percent_covered": 100.0, "percent_covered_display": "100", "missing_lines": 0, "excluded_lines": 0, "percent_statements_covered": 100.0, "percent_statements_covered_display": "100"}, "missing_lines": [], "excluded_lines": [], "start_line": 1}}, "classes": {"": {"executed_lines": [4, 6, 19, 23, 31, 32, 33, 39, 45, 52, 59, 66, 73, 80, 87, 94, 100], "summary": {"covered_lines": 17, "num_statements": 17, "percent_covered": 100.0, "percent_covered_display": "100", "missing_lines": 0, "excluded_lines": 0, "percent_statements_covered": 100.0, "percent_statements_covered_display": "100"}, "missing_lines": [], "excluded_lines": [], "start_line": 1}}}, "app/api/deps.py": {"executed_lines": [6, 7, 8, 9, 11, 12, 13, 17, 20, 44, 47, 48, 49, 56, 57, 65, 66, 68, 69, 76, 77, 78, 79, 86, 87, 88, 89, 90, 91, 93, 96, 107, 122, 123, 127, 130, 145, 146, 150, 153, 172, 173, 175, 178, 179, 180, 183, 184, 188, 189, 191, 192, 195, 196, 197, 198, 201, 203, 205, 208, 211], "summary": {"covered_lines": 61, "num_statements": 66, "percent_covered": 92.42424242424242, "percent_covered_display": "92", "missing_lines": 5, "excluded_lines": 0, "percent_statements_covered": 92.42424242424242, "percent_statements_covered_display": "92"}, "missing_lines": [58, 185, 202, 204, 206], "excluded_lines": [], "functions": {"get_current_user": {"executed_lines": [44, 47, 48, 49, 56, 57, 65, 66, 68, 69, 76, 77, 78, 79, 86, 87, 88, 89, 90, 91, 93, 96], "summary": {"covered_lines": 22, "num_statements": 23, "percent_covered": 95.65217391304348, "percent_covered_display": "96", "missing_lines": 1, "excluded_lines": 0, "percent_statements_covered": 95.65217391304348, "percent_statements_covered_display": "96"}, "missing_lines": [58], "excluded_lines": [], "start_line": 20}, "get_admin_user": {"executed_lines": [122, 123, 127], "summary": {"covered_lines": 3, "num_statements": 3, "percent_covered": 100.0, "percent_covered_display": "100", "missing_lines": 0, "excluded_lines": 0, "percent_statements_covered": 100.0, "percent_statements_covered_display": "100"}, "missing_lines": [], "excluded_lines": [], "start_line": 107}, "get_moderator_user": {"executed_lines": [145, 146, 150], "summary": {"covered_lines": 3, "num_statements": 3, "percent_covered": 100.0, "percent_covered_display": "100", "missing_lines": 0, "excluded_lines": 0, "percent_statements_covered": 100.0, "percent_statements_covered_display": "100"}, "missing_lines": [], "excluded_lines": [], "start_line": 130}, "get_current_user_optional": {"executed_lines": [172, 173, 175, 178, 179, 180, 183, 184, 188, 189, 191, 192, 195, 196, 197, 198, 201, 203, 205, 208, 211], "summary": {"covered_lines": 21, "num_statements": 25, "percent_covered": 84.0, "percent_covered_display": "84", "missing_lines": 4, "excluded_lines": 0, "percent_statements_covered": 84.0, "percent_statements_covered_display": "84"}, "missing_lines": [185, 202, 204, 206], "excluded_lines": [], "start_line": 153}, "": {"executed_lines": [6, 7, 8, 9, 11, 12, 13, 17, 20, 107, 130, 153], "summary": {"covered_lines": 12, "num_statements": 12, "percent_covered": 100.0, "percent_covered_display": "100", "missing_lines": 0, "excluded_lines": 0, "percent_statements_covered": 100.0, "percent_statements_covered_display": "100"}, "missing_lines": [], "excluded_lines": [], "start_line": 1}}, "classes": {"": {"executed_lines": [6, 7, 8, 9, 11, 12, 13, 17, 20, 44, 47, 48, 49, 56, 57, 65, 66, 68, 69, 76, 77, 78, 79, 86, 87, 88, 89, 90, 91, 93, 96, 107, 122, 123, 127, 130, 145, 146, 150, 153, 172, 173, 175, 178, 179, 180, 183, 184, 188, 189, 191, 192, 195, 196, 197, 198, 201, 203, 205, 208, 211], "summary": {"covered_lines": 61, "num_statements": 66, "percent_covered": 92.42424242424242, "percent_covered_display": "92", "missing_lines": 5, "excluded_lines": 0, "percent_statements_covered": 92.42424242424242, "percent_statements_covered_display": "92"}, "missing_lines": [58, 185, 202, 204, 206], "excluded_lines": [], "start_line": 1}}}, "app/api/response_util.py": {"executed_lines": [2, 4, 6, 9, 19, 26, 43, 62, 69], "summary": {"covered_lines": 9, "num_statements": 10, "percent_covered": 90.0, "percent_covered_display": "90", "missing_lines": 1, "excluded_lines": 0, "percent_statements_covered": 90.0, "percent_statements_covered_display": "90"}, "missing_lines": [36], "excluded_lines": [], "functions": {"Success": {"executed_lines": [19], "summary": {"covered_lines": 1, "num_statements": 1, "percent_covered": 100.0, "percent_covered_display": "100", "missing_lines": 0, "excluded_lines": 0, "percent_statements_covered": 100.0, "percent_statements_covered_display": "100"}, "missing_lines": [], "excluded_lines": [], "start_line": 9}, "Error": {"executed_lines": [], "summary": {"covered_lines": 0, "num_statements": 1, "percent_covered": 0.0, "percent_covered_display": "0", "missing_lines": 1, "excluded_lines": 0, "percent_statements_covered": 0.0, "percent_statements_covered_display": "0"}, "missing_lines": [36], "excluded_lines": [], "start_line": 26}, "Page": {"executed_lines": [62, 69], "summary": {"covered_lines": 2, "num_statements": 2, "percent_covered": 100.0, "percent_covered_display": "100", "missing_lines": 0, "excluded_lines": 0, "percent_statements_covered": 100.0, "percent_statements_covered_display": "100"}, "missing_lines": [], "excluded_lines": [], "start_line": 43}, "": {"executed_lines": [2, 4, 6, 9, 26, 43], "summary": {"covered_lines": 6, "num_statements": 6, "percent_covered": 100.0, "percent_covered_display": "100", "missing_lines": 0, "excluded_lines": 0, "percent_statements_covered": 100.0, "percent_statements_covered_display": "100"}, "missing_lines": [], "excluded_lines": [], "start_line": 1}}, "classes": {"": {"executed_lines": [2, 4, 6, 9, 19, 26, 43, 62, 69], "summary": {"covered_lines": 9, "num_statements": 10, "percent_covered": 90.0, "percent_covered_display": "90", "missing_lines": 1, "excluded_lines": 0, "percent_statements_covered": 90.0, "percent_statements_covered_display": "90"}, "missing_lines": [36], "excluded_lines": [], "start_line": 1}}}, "app/api/routes/__init__.py": {"executed_lines": [7, 8, 9, 10, 11, 12, 13, 14, 15, 17], "summary": {"covered_lines": 10, "num_statements": 10, "percent_covered": 100.0, "percent_covered_display": "100", "missing_lines": 0, "excluded_lines": 0, "percent_statements_covered": 100.0, "percent_statements_covered_display": "100"}, "missing_lines": [], "excluded_lines": [], "functions": {"": {"executed_lines": [7, 8, 9, 10, 11, 12, 13, 14, 15, 17], "summary": {"covered_lines": 10, "num_statements": 10, "percent_covered": 100.0, "percent_covered_display": "100", "missing_lines": 0, "excluded_lines": 0, "percent_statements_covered": 100.0, "percent_statements_covered_display": "100"}, "missing_lines": [], "excluded_lines": [], "start_line": 1}}, "classes": {"": {"executed_lines": [7, 8, 9, 10, 11, 12, 13, 14, 15, 17], "summary": {"covered_lines": 10, "num_statements": 10, "percent_covered": 100.0, "percent_covered_display": "100", "missing_lines": 0, "excluded_lines": 0, "percent_statements_covered": 100.0, "percent_statements_covered_display": "100"}, "missing_lines": [], "excluded_lines": [], "start_line": 1}}}, "app/api/routes/admin.py": {"executed_lines": [1, 2, 4, 5, 6, 8, 9, 10, 14, 17, 18, 19, 20, 22, 23, 26, 30, 31, 37, 38, 43, 44, 47, 51, 55, 59, 64, 68, 76, 78, 90, 91, 99, 100, 105, 106, 110, 111, 112, 113, 115, 116, 122, 123, 124, 126, 135, 137, 139, 157, 158, 168, 169, 286, 287, 295, 296, 301, 302, 305, 306, 307, 310, 311, 313, 314, 315, 318, 319, 320, 321, 324, 325, 328, 329, 333, 337, 338, 339, 340, 342, 351, 353, 362, 363, 375, 376, 382, 383, 388, 389, 390, 392, 396, 397, 398, 399, 400, 401, 402, 403, 404, 406, 408, 409, 410, 412, 413, 416, 417, 418, 420, 421, 422, 423, 426, 427, 428, 429, 430, 438, 446, 447, 451, 460, 461, 472, 473, 478, 479, 484, 485, 489, 490, 491, 494, 495, 496, 498, 499, 500, 501, 504, 505, 506, 512, 520, 521, 525, 533, 534, 538, 539, 540, 546, 547, 554, 555, 560, 561, 565, 566, 568, 569, 570, 573, 574, 575, 578, 579, 583, 587, 588, 590, 599, 601, 605, 606, 617, 618, 625, 626, 631, 632, 633, 634, 637, 638, 640, 641, 642, 645, 646, 647, 650, 651, 652, 653, 654, 655, 656, 657, 658, 660, 663, 664, 669, 672, 673, 676, 677, 678, 680, 690, 691, 692, 693, 695, 696, 697, 705, 713, 714, 718, 725, 733, 734, 745, 746, 752, 753, 758, 759, 762, 763, 764, 767, 768, 769, 771, 772, 773, 774, 776, 786, 787, 788, 794, 802, 803, 807, 814, 818, 819, 830, 831, 838, 839, 844, 845, 848, 849, 850, 851, 854, 855, 856, 857, 858, 859, 860, 861, 864, 865, 868, 869, 870, 871, 874, 877, 878, 879, 880, 883, 891, 894, 903, 905, 915, 916], "summary": {"covered_lines": 290, "num_statements": 382, "percent_covered": 75.91623036649214, "percent_covered_display": "76", "missing_lines": 92, "excluded_lines": 0, "percent_statements_covered": 75.91623036649214, "percent_statements_covered_display": "76"}, "missing_lines": [80, 81, 82, 83, 84, 146, 147, 148, 149, 150, 174, 175, 179, 180, 181, 182, 185, 191, 192, 196, 199, 200, 201, 202, 204, 205, 209, 212, 213, 216, 218, 219, 220, 229, 230, 231, 233, 234, 235, 238, 242, 247, 249, 267, 269, 276, 277, 278, 279, 280, 334, 364, 365, 366, 367, 368, 448, 449, 462, 463, 464, 465, 466, 522, 523, 584, 607, 608, 609, 610, 611, 674, 715, 716, 735, 736, 737, 738, 739, 804, 805, 820, 821, 822, 823, 824, 892, 917, 918, 919, 920, 921], "excluded_lines": [], "functions": {"get_admin_stats": {"executed_lines": [37, 38, 43, 44, 47, 51, 55, 59, 64, 68, 76, 78], "summary": {"covered_lines": 12, "num_statements": 17, "percent_covered": 70.58823529411765, "percent_covered_display": "71", "missing_lines": 5, "excluded_lines": 0, "percent_statements_covered": 70.58823529411765, "percent_statements_covered_display": "71"}, "missing_lines": [80, 81, 82, 83, 84], "excluded_lines": [], "start_line": 31}, "get_recent_users": {"executed_lines": [99, 100, 105, 106, 110, 111, 112, 113, 115, 116, 122, 123, 124, 126, 135, 137, 139], "summary": {"covered_lines": 17, "num_statements": 22, "percent_covered": 77.27272727272727, "percent_covered_display": "77", "missing_lines": 5, "excluded_lines": 0, "percent_statements_covered": 77.27272727272727, "percent_statements_covered_display": "77"}, "missing_lines": [146, 147, 148, 149, 150], "excluded_lines": [], "start_line": 91}, "get_all_users": {"executed_lines": [168, 169], "summary": {"covered_lines": 2, "num_statements": 42, "percent_covered": 4.761904761904762, "percent_covered_display": "5", "missing_lines": 40, "excluded_lines": 0, "percent_statements_covered": 4.761904761904762, "percent_statements_covered_display": "5"}, "missing_lines": [174, 175, 179, 180, 181, 182, 185, 191, 192, 196, 199, 200, 201, 202, 204, 205, 209, 212, 213, 216, 218, 219, 220, 229, 230, 231, 233, 234, 235, 238, 242, 247, 249, 267, 269, 276, 277, 278, 279, 280], "excluded_lines": [], "start_line": 158}, "update_user_role": {"executed_lines": [295, 296, 301, 302, 305, 306, 307, 310, 311, 313, 314, 315, 318, 319, 320, 321, 324, 325, 328, 329, 333, 337, 338, 339, 340, 342, 351, 353, 362, 363], "summary": {"covered_lines": 30, "num_statements": 36, "percent_covered": 83.33333333333333, "percent_covered_display": "83", "missing_lines": 6, "excluded_lines": 0, "percent_statements_covered": 83.33333333333333, "percent_statements_covered_display": "83"}, "missing_lines": [334, 364, 365, 366, 367, 368], "excluded_lines": [], "start_line": 287}, "mute_user": {"executed_lines": [382, 383, 388, 389, 390, 392, 396, 397, 398, 399, 400, 401, 402, 403, 404, 406, 408, 409, 410, 412, 413, 416, 417, 418, 420, 421, 422, 423, 426, 427, 428, 429, 430, 438, 446, 447, 451, 460, 461], "summary": {"covered_lines": 39, "num_statements": 46, "percent_covered": 84.78260869565217, "percent_covered_display": "85", "missing_lines": 7, "excluded_lines": 0, "percent_statements_covered": 84.78260869565217, "percent_statements_covered_display": "85"}, "missing_lines": [448, 449, 462, 463, 464, 465, 466], "excluded_lines": [], "start_line": 376}, "unmute_user": {"executed_lines": [478, 479, 484, 485, 489, 490, 491, 494, 495, 496, 498, 499, 500, 501, 504, 505, 506, 512, 520, 521, 525, 533, 534, 538, 539, 540], "summary": {"covered_lines": 26, "num_statements": 28, "percent_covered": 92.85714285714286, "percent_covered_display": "93", "missing_lines": 2, "excluded_lines": 0, "percent_statements_covered": 92.85714285714286, "percent_statements_covered_display": "93"}, "missing_lines": [522, 523], "excluded_lines": [], "start_line": 473}, "delete_user": {"executed_lines": [554, 555, 560, 561, 565, 566, 568, 569, 570, 573, 574, 575, 578, 579, 583, 587, 588, 590, 599, 601, 605, 606], "summary": {"covered_lines": 22, "num_statements": 28, "percent_covered": 78.57142857142857, "percent_covered_display": "79", "missing_lines": 6, "excluded_lines": 0, "percent_statements_covered": 78.57142857142857, "percent_statements_covered_display": "79"}, "missing_lines": [584, 607, 608, 609, 610, 611], "excluded_lines": [], "start_line": 547}, "ban_user": {"executed_lines": [625, 626, 631, 632, 633, 634, 637, 638, 640, 641, 642, 645, 646, 647, 650, 651, 652, 653, 654, 655, 656, 657, 658, 660, 663, 664, 669, 672, 673, 676, 677, 678, 680, 690, 691, 692, 693, 695, 696, 697, 705, 713, 714, 718, 725, 733, 734], "summary": {"covered_lines": 47, "num_statements": 55, "percent_covered": 85.45454545454545, "percent_covered_display": "85", "missing_lines": 8, "excluded_lines": 0, "percent_statements_covered": 85.45454545454545, "percent_statements_covered_display": "85"}, "missing_lines": [674, 715, 716, 735, 736, 737, 738, 739], "excluded_lines": [], "start_line": 618}, "unban_user": {"executed_lines": [752, 753, 758, 759, 762, 763, 764, 767, 768, 769, 771, 772, 773, 774, 776, 786, 787, 788, 794, 802, 803, 807, 814, 818, 819], "summary": {"covered_lines": 25, "num_statements": 32, "percent_covered": 78.125, "percent_covered_display": "78", "missing_lines": 7, "excluded_lines": 0, "percent_statements_covered": 78.125, "percent_statements_covered_display": "78"}, "missing_lines": [804, 805, 820, 821, 822, 823, 824], "excluded_lines": [], "start_line": 746}, "create_user_by_admin": {"executed_lines": [838, 839, 844, 845, 848, 849, 850, 851, 854, 855, 856, 857, 858, 859, 860, 861, 864, 865, 868, 869, 870, 871, 874, 877, 878, 879, 880, 883, 891, 894, 903, 905, 915, 916], "summary": {"covered_lines": 34, "num_statements": 40, "percent_covered": 85.0, "percent_covered_display": "85", "missing_lines": 6, "excluded_lines": 0, "percent_statements_covered": 85.0, "percent_statements_covered_display": "85"}, "missing_lines": [892, 917, 918, 919, 920, 921], "excluded_lines": [], "start_line": 831}, "": {"executed_lines": [1, 2, 4, 5, 6, 8, 9, 10, 14, 17, 18, 19, 20, 22, 23, 26, 30, 31, 90, 91, 157, 158, 286, 287, 375, 376, 472, 473, 546, 547, 617, 618, 745, 746, 830, 831], "summary": {"covered_lines": 36, "num_statements": 36, "percent_covered": 100.0, "percent_covered_display": "100", "missing_lines": 0, "excluded_lines": 0, "percent_statements_covered": 100.0, "percent_statements_covered_display": "100"}, "missing_lines": [], "excluded_lines": [], "start_line": 1}}, "classes": {"": {"executed_lines": [1, 2, 4, 5, 6, 8, 9, 10, 14, 17, 18, 19, 20, 22, 23, 26, 30, 31, 37, 38, 43, 44, 47, 51, 55, 59, 64, 68, 76, 78, 90, 91, 99, 100, 105, 106, 110, 111, 112, 113, 115, 116, 122, 123, 124, 126, 135, 137, 139, 157, 158, 168, 169, 286, 287, 295, 296, 301, 302, 305, 306, 307, 310, 311, 313, 314, 315, 318, 319, 320, 321, 324, 325, 328, 329, 333, 337, 338, 339, 340, 342, 351, 353, 362, 363, 375, 376, 382, 383, 388, 389, 390, 392, 396, 397, 398, 399, 400, 401, 402, 403, 404, 406, 408, 409, 410, 412, 413, 416, 417, 418, 420, 421, 422, 423, 426, 427, 428, 429, 430, 438, 446, 447, 451, 460, 461, 472, 473, 478, 479, 484, 485, 489, 490, 491, 494, 495, 496, 498, 499, 500, 501, 504, 505, 506, 512, 520, 521, 525, 533, 534, 538, 539, 540, 546, 547, 554, 555, 560, 561, 565, 566, 568, 569, 570, 573, 574, 575, 578, 579, 583, 587, 588, 590, 599, 601, 605, 606, 617, 618, 625, 626, 631, 632, 633, 634, 637, 638, 640, 641, 642, 645, 646, 647, 650, 651, 652, 653, 654, 655, 656, 657, 658, 660, 663, 664, 669, 672, 673, 676, 677, 678, 680, 690, 691, 692, 693, 695, 696, 697, 705, 713, 714, 718, 725, 733, 734, 745, 746, 752, 753, 758, 759, 762, 763, 764, 767, 768, 769, 771, 772, 773, 774, 776, 786, 787, 788, 794, 802, 803, 807, 814, 818, 819, 830, 831, 838, 839, 844, 845, 848, 849, 850, 851, 854, 855, 856, 857, 858, 859, 860, 861, 864, 865, 868, 869, 870, 871, 874, 877, 878, 879, 880, 883, 891, 894, 903, 905, 915, 916], "summary": {"covered_lines": 290, "num_statements": 382, "percent_covered": 75.91623036649214, "percent_covered_display": "76", "missing_lines": 92, "excluded_lines": 0, "percent_statements_covered": 75.91623036649214, "percent_statements_covered_display": "76"}, "missing_lines": [80, 81, 82, 83, 84, 146, 147, 148, 149, 150, 174, 175, 179, 180, 181, 182, 185, 191, 192, 196, 199, 200, 201, 202, 204, 205, 209, 212, 213, 216, 218, 219, 220, 229, 230, 231, 233, 234, 235, 238, 242, 247, 249, 267, 269, 276, 277, 278, 279, 280, 334, 364, 365, 366, 367, 368, 448, 449, 462, 463, 464, 465, 466, 522, 523, 584, 607, 608, 609, 610, 611, 674, 715, 716, 735, 736, 737, 738, 739, 804, 805, 820, 821, 822, 823, 824, 892, 917, 918, 919, 920, 921], "excluded_lines": [], "start_line": 1}}}, "app/api/routes/auth.py": {"executed_lines": [2, 3, 4, 6, 7, 8, 9, 10, 11, 16, 17, 20, 23, 26, 30, 35, 37, 39, 41, 42, 43, 44, 45, 46, 47, 49, 50, 51, 53, 56, 57, 60, 61, 63, 64, 66, 67, 70, 76, 77, 79, 80, 81, 82, 83, 86, 90, 95, 97, 99, 100, 101, 102, 103, 104, 106, 108, 109, 111, 112, 114, 116, 121, 122, 123, 124, 125, 128, 132, 137, 139, 140, 143, 144, 146, 149, 150, 153, 155, 163, 167, 168, 169, 171, 173, 175, 178, 181, 185, 191, 192, 195, 197, 198, 200, 201, 203, 206, 207, 213, 217, 222, 224, 225, 228, 229, 231, 234, 235, 236, 237, 240, 241, 244, 246, 254, 256, 257, 259, 261, 263, 265, 268, 271, 275, 282, 284, 285, 288, 292, 293, 295, 298, 301, 308, 312, 313, 314, 317, 321, 329, 330, 334, 336, 339, 340, 341, 344, 345, 348, 349, 352, 360, 363, 364], "summary": {"covered_lines": 155, "num_statements": 172, "percent_covered": 90.11627906976744, "percent_covered_display": "90", "missing_lines": 17, "excluded_lines": 0, "percent_statements_covered": 90.11627906976744, "percent_statements_covered_display": "90"}, "missing_lines": [172, 174, 176, 193, 208, 209, 210, 262, 264, 266, 289, 299, 331, 350, 365, 366, 367], "excluded_lines": [], "functions": {"login": {"executed_lines": [35, 37, 39, 41, 42, 43, 44, 45, 46, 47, 49, 50, 51, 53, 56, 57, 60, 61, 63, 64, 66, 67, 70, 76, 77, 79, 80, 81, 82, 83], "summary": {"covered_lines": 30, "num_statements": 30, "percent_covered": 100.0, "percent_covered_display": "100", "missing_lines": 0, "excluded_lines": 0, "percent_statements_covered": 100.0, "percent_statements_covered_display": "100"}, "missing_lines": [], "excluded_lines": [], "start_line": 30}, "refresh_token": {"executed_lines": [95, 97, 99, 100, 101, 102, 103, 104, 106, 108, 109, 111, 112, 114, 116, 121, 122, 123, 124, 125], "summary": {"covered_lines": 20, "num_statements": 20, "percent_covered": 100.0, "percent_covered_display": "100", "missing_lines": 0, "excluded_lines": 0, "percent_statements_covered": 100.0, "percent_statements_covered_display": "100"}, "missing_lines": [], "excluded_lines": [], "start_line": 90}, "send_verification_code": {"executed_lines": [137, 139, 140, 143, 144, 146, 149, 150, 153, 155, 163, 167, 168, 169, 171, 173, 175, 178], "summary": {"covered_lines": 18, "num_statements": 21, "percent_covered": 85.71428571428571, "percent_covered_display": "86", "missing_lines": 3, "excluded_lines": 0, "percent_statements_covered": 85.71428571428571, "percent_statements_covered_display": "86"}, "missing_lines": [172, 174, 176], "excluded_lines": [], "start_line": 132}, "check_register": {"executed_lines": [191, 192, 195, 197, 198, 200, 201, 203, 206, 207], "summary": {"covered_lines": 10, "num_statements": 14, "percent_covered": 71.42857142857143, "percent_covered_display": "71", "missing_lines": 4, "excluded_lines": 0, "percent_statements_covered": 71.42857142857143, "percent_statements_covered_display": "71"}, "missing_lines": [193, 208, 209, 210], "excluded_lines": [], "start_line": 185}, "send_reset_password_code": {"executed_lines": [222, 224, 225, 228, 229, 231, 234, 235, 236, 237, 240, 241, 244, 246, 254, 256, 257, 259, 261, 263, 265, 268], "summary": {"covered_lines": 22, "num_statements": 25, "percent_covered": 88.0, "percent_covered_display": "88", "missing_lines": 3, "excluded_lines": 0, "percent_statements_covered": 88.0, "percent_statements_covered_display": "88"}, "missing_lines": [262, 264, 266], "excluded_lines": [], "start_line": 217}, "reset_password": {"executed_lines": [282, 284, 285, 288, 292, 293, 295, 298, 301, 308, 312, 313, 314], "summary": {"covered_lines": 13, "num_statements": 15, "percent_covered": 86.66666666666667, "percent_covered_display": "87", "missing_lines": 2, "excluded_lines": 0, "percent_statements_covered": 86.66666666666667, "percent_statements_covered_display": "87"}, "missing_lines": [289, 299], "excluded_lines": [], "start_line": 275}, "user_register": {"executed_lines": [329, 330, 334, 336, 339, 340, 341, 344, 345, 348, 349, 352, 360, 363, 364], "summary": {"covered_lines": 15, "num_statements": 20, "percent_covered": 75.0, "percent_covered_display": "75", "missing_lines": 5, "excluded_lines": 0, "percent_statements_covered": 75.0, "percent_statements_covered_display": "75"}, "missing_lines": [331, 350, 365, 366, 367], "excluded_lines": [], "start_line": 321}, "": {"executed_lines": [2, 3, 4, 6, 7, 8, 9, 10, 11, 16, 17, 20, 23, 26, 30, 86, 90, 128, 132, 181, 185, 213, 217, 271, 275, 317, 321], "summary": {"covered_lines": 27, "num_statements": 27, "percent_covered": 100.0, "percent_covered_display": "100", "missing_lines": 0, "excluded_lines": 0, "percent_statements_covered": 100.0, "percent_statements_covered_display": "100"}, "missing_lines": [], "excluded_lines": [], "start_line": 1}}, "classes": {"": {"executed_lines": [2, 3, 4, 6, 7, 8, 9, 10, 11, 16, 17, 20, 23, 26, 30, 35, 37, 39, 41, 42, 43, 44, 45, 46, 47, 49, 50, 51, 53, 56, 57, 60, 61, 63, 64, 66, 67, 70, 76, 77, 79, 80, 81, 82, 83, 86, 90, 95, 97, 99, 100, 101, 102, 103, 104, 106, 108, 109, 111, 112, 114, 116, 121, 122, 123, 124, 125, 128, 132, 137, 139, 140, 143, 144, 146, 149, 150, 153, 155, 163, 167, 168, 169, 171, 173, 175, 178, 181, 185, 191, 192, 195, 197, 198, 200, 201, 203, 206, 207, 213, 217, 222, 224, 225, 228, 229, 231, 234, 235, 236, 237, 240, 241, 244, 246, 254, 256, 257, 259, 261, 263, 265, 268, 271, 275, 282, 284, 285, 288, 292, 293, 295, 298, 301, 308, 312, 313, 314, 317, 321, 329, 330, 334, 336, 339, 340, 341, 344, 345, 348, 349, 352, 360, 363, 364], "summary": {"covered_lines": 155, "num_statements": 172, "percent_covered": 90.11627906976744, "percent_covered_display": "90", "missing_lines": 17, "excluded_lines": 0, "percent_statements_covered": 90.11627906976744, "percent_statements_covered_display": "90"}, "missing_lines": [172, 174, 176, 193, 208, 209, 210, 262, 264, 266, 289, 299, 331, 350, 365, 366, 367], "excluded_lines": [], "start_line": 1}}}, "app/api/routes/comments.py": {"executed_lines": [1, 2, 4, 6, 7, 8, 9, 10, 11, 12, 13, 16, 19, 22, 29, 30, 32, 33, 36, 42, 44, 45, 46, 47, 48, 49, 51, 52, 53, 54, 55, 59, 60, 62, 63, 64, 65, 78, 87, 90, 96, 97, 98, 99, 101, 102, 103, 104, 105, 106, 107, 110, 111, 112, 115, 116, 119, 120, 121, 122, 123, 126, 127, 131, 132, 134, 136, 137, 139, 140, 141, 146, 147, 149, 156, 157, 158, 160, 162, 163, 165, 166, 167, 169, 170, 171, 173, 174, 175, 176, 178, 179, 181, 182, 183, 184, 192, 196, 198, 199, 201, 216, 217, 223, 226, 233, 234, 235, 237, 238, 241, 242, 246, 247, 249, 254, 255, 257, 258, 259, 260, 263, 264, 265, 266, 267, 269, 270, 271, 273, 278, 279, 280, 281, 282, 286, 287, 288, 290, 295, 296, 297, 299, 300, 303, 304, 306, 307, 308, 310, 316, 317, 318, 320, 321, 322, 323, 324, 325, 333, 334, 335, 339, 348, 349, 355, 358, 364, 365, 366, 367, 369, 370, 371, 373, 374, 375, 377, 378, 379, 386, 387, 389, 390, 392, 393, 395, 397, 398, 401, 402, 404, 406, 410, 411, 417, 420, 426, 427, 428, 429, 431, 432, 433, 435, 436, 437, 439, 440, 441, 445, 448, 449, 451, 452, 454, 455, 457, 459, 460, 463, 464, 466, 468, 472, 473], "summary": {"covered_lines": 226, "num_statements": 254, "percent_covered": 88.97637795275591, "percent_covered_display": "89", "missing_lines": 28, "excluded_lines": 0, "percent_statements_covered": 88.97637795275591, "percent_statements_covered_display": "89"}, "missing_lines": [82, 83, 84, 108, 113, 117, 193, 194, 218, 219, 220, 239, 261, 262, 283, 284, 336, 337, 350, 351, 352, 383, 412, 413, 414, 474, 475, 476], "excluded_lines": [], "functions": {"get_comments": {"executed_lines": [29, 30, 32, 33, 36, 42, 44, 45, 46, 47, 48, 49, 51, 52, 53, 54, 55, 59, 60, 62, 63, 64, 65, 78], "summary": {"covered_lines": 24, "num_statements": 27, "percent_covered": 88.88888888888889, "percent_covered_display": "89", "missing_lines": 3, "excluded_lines": 0, "percent_statements_covered": 88.88888888888889, "percent_statements_covered_display": "89"}, "missing_lines": [82, 83, 84], "excluded_lines": [], "start_line": 22}, "create_comment": {"executed_lines": [96, 97, 98, 99, 101, 102, 103, 104, 105, 106, 107, 110, 111, 112, 115, 116, 119, 120, 121, 122, 123, 126, 127, 131, 132, 134, 136, 137, 139, 140, 141, 146, 147, 149, 156, 157, 158, 160, 162, 163, 165, 166, 167, 169, 170, 171, 173, 174, 175, 176, 178, 179, 181, 182, 183, 184, 192, 196, 198, 199, 201, 216, 217], "summary": {"covered_lines": 63, "num_statements": 71, "percent_covered": 88.73239436619718, "percent_covered_display": "89", "missing_lines": 8, "excluded_lines": 0, "percent_statements_covered": 88.73239436619718, "percent_statements_covered_display": "89"}, "missing_lines": [108, 113, 117, 193, 194, 218, 219, 220], "excluded_lines": [], "start_line": 90}, "react_comment": {"executed_lines": [233, 234, 235, 237, 238, 241, 242, 246, 247, 249, 254, 255, 257, 258, 259, 260, 263, 264, 265, 266, 267, 269, 270, 271, 273, 278, 279, 280, 281, 282, 286, 287, 288, 290, 295, 296, 297, 299, 300, 303, 304, 306, 307, 308, 310, 316, 317, 318, 320, 321, 322, 323, 324, 325, 333, 334, 335, 339, 348, 349], "summary": {"covered_lines": 60, "num_statements": 70, "percent_covered": 85.71428571428571, "percent_covered_display": "86", "missing_lines": 10, "excluded_lines": 0, "percent_statements_covered": 85.71428571428571, "percent_statements_covered_display": "86"}, "missing_lines": [239, 261, 262, 283, 284, 336, 337, 350, 351, 352], "excluded_lines": [], "start_line": 226}, "delete_comment": {"executed_lines": [364, 365, 366, 367, 369, 370, 371, 373, 374, 375, 377, 378, 379, 386, 387, 389, 390, 392, 393, 395, 397, 398, 401, 402, 404, 406, 410, 411], "summary": {"covered_lines": 28, "num_statements": 32, "percent_covered": 87.5, "percent_covered_display": "88", "missing_lines": 4, "excluded_lines": 0, "percent_statements_covered": 87.5, "percent_statements_covered_display": "88"}, "missing_lines": [383, 412, 413, 414], "excluded_lines": [], "start_line": 358}, "restore_comment": {"executed_lines": [426, 427, 428, 429, 431, 432, 433, 435, 436, 437, 439, 440, 441, 445, 448, 449, 451, 452, 454, 455, 457, 459, 460, 463, 464, 466, 468, 472, 473], "summary": {"covered_lines": 29, "num_statements": 32, "percent_covered": 90.625, "percent_covered_display": "91", "missing_lines": 3, "excluded_lines": 0, "percent_statements_covered": 90.625, "percent_statements_covered_display": "91"}, "missing_lines": [474, 475, 476], "excluded_lines": [], "start_line": 420}, "": {"executed_lines": [1, 2, 4, 6, 7, 8, 9, 10, 11, 12, 13, 16, 19, 22, 87, 90, 223, 226, 355, 358, 417, 420], "summary": {"covered_lines": 22, "num_statements": 22, "percent_covered": 100.0, "percent_covered_display": "100", "missing_lines": 0, "excluded_lines": 0, "percent_statements_covered": 100.0, "percent_statements_covered_display": "100"}, "missing_lines": [], "excluded_lines": [], "start_line": 1}}, "classes": {"": {"executed_lines": [1, 2, 4, 6, 7, 8, 9, 10, 11, 12, 13, 16, 19, 22, 29, 30, 32, 33, 36, 42, 44, 45, 46, 47, 48, 49, 51, 52, 53, 54, 55, 59, 60, 62, 63, 64, 65, 78, 87, 90, 96, 97, 98, 99, 101, 102, 103, 104, 105, 106, 107, 110, 111, 112, 115, 116, 119, 120, 121, 122, 123, 126, 127, 131, 132, 134, 136, 137, 139, 140, 141, 146, 147, 149, 156, 157, 158, 160, 162, 163, 165, 166, 167, 169, 170, 171, 173, 174, 175, 176, 178, 179, 181, 182, 183, 184, 192, 196, 198, 199, 201, 216, 217, 223, 226, 233, 234, 235, 237, 238, 241, 242, 246, 247, 249, 254, 255, 257, 258, 259, 260, 263, 264, 265, 266, 267, 269, 270, 271, 273, 278, 279, 280, 281, 282, 286, 287, 288, 290, 295, 296, 297, 299, 300, 303, 304, 306, 307, 308, 310, 316, 317, 318, 320, 321, 322, 323, 324, 325, 333, 334, 335, 339, 348, 349, 355, 358, 364, 365, 366, 367, 369, 370, 371, 373, 374, 375, 377, 378, 379, 386, 387, 389, 390, 392, 393, 395, 397, 398, 401, 402, 404, 406, 410, 411, 417, 420, 426, 427, 428, 429, 431, 432, 433, 435, 436, 437, 439, 440, 441, 445, 448, 449, 451, 452, 454, 455, 457, 459, 460, 463, 464, 466, 468, 472, 473], "summary": {"covered_lines": 226, "num_statements": 254, "percent_covered": 88.97637795275591, "percent_covered_display": "89", "missing_lines": 28, "excluded_lines": 0, "percent_statements_covered": 88.97637795275591, "percent_statements_covered_display": "89"}, "missing_lines": [82, 83, 84, 108, 113, 117, 193, 194, 218, 219, 220, 239, 261, 262, 283, 284, 336, 337, 350, 351, 352, 383, 412, 413, 414, 474, 475, 476], "excluded_lines": [], "start_line": 1}}}, "app/api/routes/dictionary.py": {"executed_lines": [1, 2, 3, 4, 6, 7, 10, 13, 14, 15, 18, 19, 20, 21, 22, 44, 45, 46, 47], "summary": {"covered_lines": 19, "num_statements": 32, "percent_covered": 59.375, "percent_covered_display": "59", "missing_lines": 13, "excluded_lines": 0, "percent_statements_covered": 59.375, "percent_statements_covered_display": "59"}, "missing_lines": [23, 24, 25, 26, 27, 28, 30, 31, 33, 34, 35, 36, 38], "excluded_lines": [], "functions": {"_get_dict_file_path": {"executed_lines": [14, 15], "summary": {"covered_lines": 2, "num_statements": 2, "percent_covered": 100.0, "percent_covered_display": "100", "missing_lines": 0, "excluded_lines": 0, "percent_statements_covered": 100.0, "percent_statements_covered_display": "100"}, "missing_lines": [], "excluded_lines": [], "start_line": 13}, "_load_translation_dict": {"executed_lines": [19, 20, 21, 22], "summary": {"covered_lines": 4, "num_statements": 17, "percent_covered": 23.529411764705884, "percent_covered_display": "24", "missing_lines": 13, "excluded_lines": 0, "percent_statements_covered": 23.529411764705884, "percent_statements_covered_display": "24"}, "missing_lines": [23, 24, 25, 26, 27, 28, 30, 31, 33, 34, 35, 36, 38], "excluded_lines": [], "start_line": 18}, "get_translation_dictionary": {"executed_lines": [46, 47], "summary": {"covered_lines": 2, "num_statements": 2, "percent_covered": 100.0, "percent_covered_display": "100", "missing_lines": 0, "excluded_lines": 0, "percent_statements_covered": 100.0, "percent_statements_covered_display": "100"}, "missing_lines": [], "excluded_lines": [], "start_line": 45}, "": {"executed_lines": [1, 2, 3, 4, 6, 7, 10, 13, 18, 44, 45], "summary": {"covered_lines": 11, "num_statements": 11, "percent_covered": 100.0, "percent_covered_display": "100", "missing_lines": 0, "excluded_lines": 0, "percent_statements_covered": 100.0, "percent_statements_covered_display": "100"}, "missing_lines": [], "excluded_lines": [], "start_line": 1}}, "classes": {"": {"executed_lines": [1, 2, 3, 4, 6, 7, 10, 13, 14, 15, 18, 19, 20, 21, 22, 44, 45, 46, 47], "summary": {"covered_lines": 19, "num_statements": 32, "percent_covered": 59.375, "percent_covered_display": "59", "missing_lines": 13, "excluded_lines": 0, "percent_statements_covered": 59.375, "percent_statements_covered_display": "59"}, "missing_lines": [23, 24, 25, 26, 27, 28, 30, 31, 33, 34, 35, 36, 38], "excluded_lines": [], "start_line": 1}}}, "app/api/routes/knowledge.py": {"executed_lines": [1, 2, 3, 5, 6, 7, 9, 10, 16, 17, 20, 21, 22, 23, 26, 29, 31, 52, 53, 70, 71, 72, 73, 77, 80, 84, 85, 89, 90, 91, 92, 93, 96, 97, 110, 111, 112, 113, 114, 116, 117, 118, 121, 122, 132, 141, 150, 155, 157, 158, 174, 175, 186, 187, 190, 193, 194, 196, 204, 218, 219, 221, 222, 225, 228, 229, 230, 233, 236, 237, 246, 251, 252, 258, 259, 265, 266, 267, 270, 271, 273, 282, 283, 296, 297, 298, 302, 303, 314, 330, 331, 337, 338, 339, 343, 345, 346, 349, 350, 351, 353, 354, 356, 357, 361, 362, 364, 365, 368, 377, 380, 381, 395, 396, 402, 403, 404, 408, 411, 412, 416, 417, 418, 421, 430, 433, 434, 448, 449, 456, 457, 458, 462, 465, 466, 467, 470, 472, 475, 476, 477, 481, 482, 483, 484, 485, 488, 492, 499, 500, 504, 505, 506, 508, 509, 512, 513, 516, 525, 530, 531, 546, 547, 554, 555, 556, 558, 562, 565, 566, 570, 572, 575, 576, 578, 582, 583, 584, 585, 586, 589, 590, 592, 596, 605, 614, 618, 619, 638, 639, 646, 647, 648, 652, 655, 656, 660, 662, 665, 666, 668, 674, 675, 740, 741, 742, 744, 745, 760, 761, 767, 769, 772, 773, 774, 775, 778, 779, 784, 809, 810, 817, 818, 819, 823, 826, 827, 831, 832, 835, 836, 837, 838, 841, 842, 843, 861, 862, 881, 882, 888, 889, 890, 894, 897, 898, 899, 902, 903, 906, 907, 909, 913, 917, 918, 923, 932, 941, 943, 944], "summary": {"covered_lines": 260, "num_statements": 379, "percent_covered": 68.60158311345647, "percent_covered_display": "69", "missing_lines": 119, "excluded_lines": 0, "percent_statements_covered": 68.60158311345647, "percent_statements_covered_display": "69"}, "missing_lines": [78, 81, 86, 123, 124, 125, 126, 156, 159, 160, 161, 162, 163, 171, 212, 213, 215, 253, 254, 255, 277, 278, 279, 322, 323, 324, 325, 327, 358, 363, 382, 383, 384, 392, 413, 435, 436, 437, 445, 489, 493, 501, 532, 533, 534, 543, 559, 567, 579, 593, 620, 621, 622, 623, 624, 625, 627, 635, 657, 669, 677, 678, 680, 682, 683, 684, 685, 686, 688, 689, 691, 692, 693, 694, 696, 699, 708, 717, 719, 726, 735, 736, 743, 746, 747, 749, 757, 781, 790, 791, 792, 793, 797, 798, 802, 803, 828, 846, 855, 863, 864, 865, 866, 867, 868, 870, 878, 910, 914, 919, 920, 945, 946, 947, 948, 949, 950, 951, 959], "excluded_lines": [], "functions": {"kb_to_dict": {"executed_lines": [31], "summary": {"covered_lines": 1, "num_statements": 1, "percent_covered": 100.0, "percent_covered_display": "100", "missing_lines": 0, "excluded_lines": 0, "percent_statements_covered": 100.0, "percent_statements_covered_display": "100"}, "missing_lines": [], "excluded_lines": [], "start_line": 29}, "upload_knowledge_base": {"executed_lines": [70, 71, 72, 73, 77, 80, 84, 85, 89, 90, 91, 92, 93, 96, 97, 110, 111, 112, 113, 114, 116, 117, 118, 121, 122, 132, 141, 150, 155, 157, 158], "summary": {"covered_lines": 31, "num_statements": 45, "percent_covered": 68.88888888888889, "percent_covered_display": "69", "missing_lines": 14, "excluded_lines": 0, "percent_statements_covered": 68.88888888888889, "percent_statements_covered_display": "69"}, "missing_lines": [78, 81, 86, 123, 124, 125, 126, 156, 159, 160, 161, 162, 163, 171], "excluded_lines": [], "start_line": 53}, "get_public_knowledge_bases": {"executed_lines": [186, 187, 190, 193, 194, 196, 204], "summary": {"covered_lines": 7, "num_statements": 10, "percent_covered": 70.0, "percent_covered_display": "70", "missing_lines": 3, "excluded_lines": 0, "percent_statements_covered": 70.0, "percent_statements_covered_display": "70"}, "missing_lines": [212, 213, 215], "excluded_lines": [], "start_line": 175}, "get_knowledge_base": {"executed_lines": [221, 222, 225, 228, 229, 230, 233, 236, 237, 246, 251, 252], "summary": {"covered_lines": 12, "num_statements": 15, "percent_covered": 80.0, "percent_covered_display": "80", "missing_lines": 3, "excluded_lines": 0, "percent_statements_covered": 80.0, "percent_statements_covered_display": "80"}, "missing_lines": [253, 254, 255], "excluded_lines": [], "start_line": 219}, "check_knowledge_starred": {"executed_lines": [265, 266, 267, 270, 271, 273], "summary": {"covered_lines": 6, "num_statements": 9, "percent_covered": 66.66666666666667, "percent_covered_display": "67", "missing_lines": 3, "excluded_lines": 0, "percent_statements_covered": 66.66666666666667, "percent_statements_covered_display": "67"}, "missing_lines": [277, 278, 279], "excluded_lines": [], "start_line": 259}, "get_user_knowledge_bases": {"executed_lines": [296, 297, 298, 302, 303, 314], "summary": {"covered_lines": 6, "num_statements": 11, "percent_covered": 54.54545454545455, "percent_covered_display": "55", "missing_lines": 5, "excluded_lines": 0, "percent_statements_covered": 54.54545454545455, "percent_statements_covered_display": "55"}, "missing_lines": [322, 323, 324, 325, 327], "excluded_lines": [], "start_line": 283}, "star_knowledge_base": {"executed_lines": [337, 338, 339, 343, 345, 346, 349, 350, 351, 353, 354, 356, 357, 361, 362, 364, 365, 368, 377, 380, 381], "summary": {"covered_lines": 21, "num_statements": 27, "percent_covered": 77.77777777777777, "percent_covered_display": "78", "missing_lines": 6, "excluded_lines": 0, "percent_statements_covered": 77.77777777777777, "percent_statements_covered_display": "78"}, "missing_lines": [358, 363, 382, 383, 384, 392], "excluded_lines": [], "start_line": 331}, "unstar_knowledge_base": {"executed_lines": [402, 403, 404, 408, 411, 412, 416, 417, 418, 421, 430, 433, 434], "summary": {"covered_lines": 13, "num_statements": 18, "percent_covered": 72.22222222222223, "percent_covered_display": "72", "missing_lines": 5, "excluded_lines": 0, "percent_statements_covered": 72.22222222222223, "percent_statements_covered_display": "72"}, "missing_lines": [413, 435, 436, 437, 445], "excluded_lines": [], "start_line": 396}, "update_knowledge_base": {"executed_lines": [456, 457, 458, 462, 465, 466, 467, 470, 472, 475, 476, 477, 481, 482, 483, 484, 485, 488, 492, 499, 500, 504, 505, 506, 508, 509, 512, 513, 516, 525, 530, 531], "summary": {"covered_lines": 32, "num_statements": 39, "percent_covered": 82.05128205128206, "percent_covered_display": "82", "missing_lines": 7, "excluded_lines": 0, "percent_statements_covered": 82.05128205128206, "percent_statements_covered_display": "82"}, "missing_lines": [489, 493, 501, 532, 533, 534, 543], "excluded_lines": [], "start_line": 449}, "add_files_to_knowledge_base": {"executed_lines": [554, 555, 556, 558, 562, 565, 566, 570, 572, 575, 576, 578, 582, 583, 584, 585, 586, 589, 590, 592, 596, 605, 614, 618, 619], "summary": {"covered_lines": 25, "num_statements": 37, "percent_covered": 67.56756756756756, "percent_covered_display": "68", "missing_lines": 12, "excluded_lines": 0, "percent_statements_covered": 67.56756756756756, "percent_statements_covered_display": "68"}, "missing_lines": [559, 567, 579, 593, 620, 621, 622, 623, 624, 625, 627, 635], "excluded_lines": [], "start_line": 547}, "delete_files_from_knowledge_base": {"executed_lines": [646, 647, 648, 652, 655, 656, 660, 662, 665, 666, 668, 674, 675, 740, 741, 742, 744, 745], "summary": {"covered_lines": 18, "num_statements": 47, "percent_covered": 38.297872340425535, "percent_covered_display": "38", "missing_lines": 29, "excluded_lines": 0, "percent_statements_covered": 38.297872340425535, "percent_statements_covered_display": "38"}, "missing_lines": [657, 669, 677, 678, 680, 682, 683, 684, 685, 686, 688, 689, 691, 692, 693, 694, 696, 699, 708, 717, 719, 726, 735, 736, 743, 746, 747, 749, 757], "excluded_lines": [], "start_line": 639}, "download_knowledge_base_files": {"executed_lines": [767, 769, 772, 773, 774, 775, 778, 779, 784], "summary": {"covered_lines": 9, "num_statements": 18, "percent_covered": 50.0, "percent_covered_display": "50", "missing_lines": 9, "excluded_lines": 0, "percent_statements_covered": 50.0, "percent_statements_covered_display": "50"}, "missing_lines": [781, 790, 791, 792, 793, 797, 798, 802, 803], "excluded_lines": [], "start_line": 761}, "download_knowledge_base_file": {"executed_lines": [817, 818, 819, 823, 826, 827, 831, 832, 835, 836, 837, 838, 841, 842, 843, 861, 862], "summary": {"covered_lines": 17, "num_statements": 28, "percent_covered": 60.714285714285715, "percent_covered_display": "61", "missing_lines": 11, "excluded_lines": 0, "percent_statements_covered": 60.714285714285715, "percent_statements_covered_display": "61"}, "missing_lines": [828, 846, 855, 863, 864, 865, 866, 867, 868, 870, 878], "excluded_lines": [], "start_line": 810}, "delete_knowledge_base": {"executed_lines": [888, 889, 890, 894, 897, 898, 899, 902, 903, 906, 907, 909, 913, 917, 918, 923, 932, 941, 943, 944], "summary": {"covered_lines": 20, "num_statements": 32, "percent_covered": 62.5, "percent_covered_display": "62", "missing_lines": 12, "excluded_lines": 0, "percent_statements_covered": 62.5, "percent_statements_covered_display": "62"}, "missing_lines": [910, 914, 919, 920, 945, 946, 947, 948, 949, 950, 951, 959], "excluded_lines": [], "start_line": 882}, "": {"executed_lines": [1, 2, 3, 5, 6, 7, 9, 10, 16, 17, 20, 21, 22, 23, 26, 29, 52, 53, 174, 175, 218, 219, 258, 259, 282, 283, 330, 331, 395, 396, 448, 449, 546, 547, 638, 639, 760, 761, 809, 810, 881, 882], "summary": {"covered_lines": 42, "num_statements": 42, "percent_covered": 100.0, "percent_covered_display": "100", "missing_lines": 0, "excluded_lines": 0, "percent_statements_covered": 100.0, "percent_statements_covered_display": "100"}, "missing_lines": [], "excluded_lines": [], "start_line": 1}}, "classes": {"": {"executed_lines": [1, 2, 3, 5, 6, 7, 9, 10, 16, 17, 20, 21, 22, 23, 26, 29, 31, 52, 53, 70, 71, 72, 73, 77, 80, 84, 85, 89, 90, 91, 92, 93, 96, 97, 110, 111, 112, 113, 114, 116, 117, 118, 121, 122, 132, 141, 150, 155, 157, 158, 174, 175, 186, 187, 190, 193, 194, 196, 204, 218, 219, 221, 222, 225, 228, 229, 230, 233, 236, 237, 246, 251, 252, 258, 259, 265, 266, 267, 270, 271, 273, 282, 283, 296, 297, 298, 302, 303, 314, 330, 331, 337, 338, 339, 343, 345, 346, 349, 350, 351, 353, 354, 356, 357, 361, 362, 364, 365, 368, 377, 380, 381, 395, 396, 402, 403, 404, 408, 411, 412, 416, 417, 418, 421, 430, 433, 434, 448, 449, 456, 457, 458, 462, 465, 466, 467, 470, 472, 475, 476, 477, 481, 482, 483, 484, 485, 488, 492, 499, 500, 504, 505, 506, 508, 509, 512, 513, 516, 525, 530, 531, 546, 547, 554, 555, 556, 558, 562, 565, 566, 570, 572, 575, 576, 578, 582, 583, 584, 585, 586, 589, 590, 592, 596, 605, 614, 618, 619, 638, 639, 646, 647, 648, 652, 655, 656, 660, 662, 665, 666, 668, 674, 675, 740, 741, 742, 744, 745, 760, 761, 767, 769, 772, 773, 774, 775, 778, 779, 784, 809, 810, 817, 818, 819, 823, 826, 827, 831, 832, 835, 836, 837, 838, 841, 842, 843, 861, 862, 881, 882, 888, 889, 890, 894, 897, 898, 899, 902, 903, 906, 907, 909, 913, 917, 918, 923, 932, 941, 943, 944], "summary": {"covered_lines": 260, "num_statements": 379, "percent_covered": 68.60158311345647, "percent_covered_display": "69", "missing_lines": 119, "excluded_lines": 0, "percent_statements_covered": 68.60158311345647, "percent_statements_covered_display": "69"}, "missing_lines": [78, 81, 86, 123, 124, 125, 126, 156, 159, 160, 161, 162, 163, 171, 212, 213, 215, 253, 254, 255, 277, 278, 279, 322, 323, 324, 325, 327, 358, 363, 382, 383, 384, 392, 413, 435, 436, 437, 445, 489, 493, 501, 532, 533, 534, 543, 559, 567, 579, 593, 620, 621, 622, 623, 624, 625, 627, 635, 657, 669, 677, 678, 680, 682, 683, 684, 685, 686, 688, 689, 691, 692, 693, 694, 696, 699, 708, 717, 719, 726, 735, 736, 743, 746, 747, 749, 757, 781, 790, 791, 792, 793, 797, 798, 802, 803, 828, 846, 855, 863, 864, 865, 866, 867, 868, 870, 878, 910, 914, 919, 920, 945, 946, 947, 948, 949, 950, 951, 959], "excluded_lines": [], "start_line": 1}}}, "app/api/routes/messages.py": {"executed_lines": [1, 2, 4, 5, 7, 8, 13, 14, 17, 18, 19, 20, 23, 27, 31, 37, 38, 39, 44, 45, 47, 48, 50, 51, 54, 55, 58, 59, 60, 61, 62, 65, 67, 68, 69, 70, 73, 74, 76, 77, 78, 81, 82, 84, 88, 89, 90, 91, 92, 96, 97, 98, 99, 102, 103, 104, 107, 117, 121, 122, 131, 133, 142, 143, 144, 145, 146, 154, 157, 161, 167, 168, 169, 173, 176, 177, 178, 181, 183, 185, 186, 188, 204, 205, 211, 215, 223, 224, 225, 229, 230, 233, 236, 238, 246, 252, 271, 272, 278, 282, 290, 291, 292, 295, 299, 300, 307, 333, 337, 343, 344, 345, 349, 353, 356, 357, 358, 362, 364, 366, 367, 371, 374, 376, 380, 389, 391, 395, 396, 411, 412, 418, 419, 420, 424, 428, 431, 432, 433, 436, 438, 439, 441, 442, 443, 448, 449, 450, 451, 455, 457, 458, 463, 468, 474, 476, 480, 481, 483, 486, 495, 500, 501, 516, 517, 524, 525, 526, 530, 534, 536, 538, 541, 542, 545, 548, 549, 550, 553, 555, 556, 558, 559, 560, 565, 566, 567, 568, 572, 574, 575, 580, 584, 585, 592, 596, 603, 605, 608, 617, 622, 623, 638, 642, 650, 651, 652, 653, 655, 656, 660, 661, 663, 667, 670, 674, 675, 676, 677, 678, 679, 686, 687, 688, 692, 704, 706, 714, 715], "summary": {"covered_lines": 229, "num_statements": 269, "percent_covered": 85.13011152416357, "percent_covered_display": "85", "missing_lines": 40, "excluded_lines": 0, "percent_statements_covered": 85.13011152416357, "percent_statements_covered_display": "85"}, "missing_lines": [71, 75, 85, 118, 206, 207, 208, 273, 274, 275, 296, 326, 327, 328, 329, 330, 350, 377, 397, 398, 399, 408, 425, 477, 482, 502, 503, 504, 513, 531, 593, 604, 624, 625, 626, 635, 664, 716, 717, 718], "excluded_lines": [], "functions": {"send_message": {"executed_lines": [37, 38, 39, 44, 45, 47, 48, 50, 51, 54, 55, 58, 59, 60, 61, 62, 65, 67, 68, 69, 70, 73, 74, 76, 77, 78, 81, 82, 84, 88, 89, 90, 91, 92, 96, 97, 98, 99, 102, 103, 104, 107, 117, 121, 122, 131, 133, 142, 143, 144, 145, 146, 154], "summary": {"covered_lines": 53, "num_statements": 57, "percent_covered": 92.98245614035088, "percent_covered_display": "93", "missing_lines": 4, "excluded_lines": 0, "percent_statements_covered": 92.98245614035088, "percent_statements_covered_display": "93"}, "missing_lines": [71, 75, 85, 118], "excluded_lines": [], "start_line": 31}, "get_message_detail": {"executed_lines": [167, 168, 169, 173, 176, 177, 178, 181, 183, 185, 186, 188, 204, 205], "summary": {"covered_lines": 14, "num_statements": 17, "percent_covered": 82.3529411764706, "percent_covered_display": "82", "missing_lines": 3, "excluded_lines": 0, "percent_statements_covered": 82.3529411764706, "percent_statements_covered_display": "82"}, "missing_lines": [206, 207, 208], "excluded_lines": [], "start_line": 161}, "get_messages": {"executed_lines": [223, 224, 225, 229, 230, 233, 236, 238, 246, 252, 271, 272], "summary": {"covered_lines": 12, "num_statements": 15, "percent_covered": 80.0, "percent_covered_display": "80", "missing_lines": 3, "excluded_lines": 0, "percent_statements_covered": 80.0, "percent_statements_covered_display": "80"}, "missing_lines": [273, 274, 275], "excluded_lines": [], "start_line": 215}, "get_messages_by_type": {"executed_lines": [290, 291, 292, 295, 299, 300, 307], "summary": {"covered_lines": 7, "num_statements": 13, "percent_covered": 53.84615384615385, "percent_covered_display": "54", "missing_lines": 6, "excluded_lines": 0, "percent_statements_covered": 53.84615384615385, "percent_statements_covered_display": "54"}, "missing_lines": [296, 326, 327, 328, 329, 330], "excluded_lines": [], "start_line": 282}, "mark_message_read": {"executed_lines": [343, 344, 345, 349, 353, 356, 357, 358, 362, 364, 366, 367, 371, 374, 376, 380, 389, 391, 395, 396], "summary": {"covered_lines": 20, "num_statements": 26, "percent_covered": 76.92307692307692, "percent_covered_display": "77", "missing_lines": 6, "excluded_lines": 0, "percent_statements_covered": 76.92307692307692, "percent_statements_covered_display": "77"}, "missing_lines": [350, 377, 397, 398, 399, 408], "excluded_lines": [], "start_line": 337}, "delete_message": {"executed_lines": [418, 419, 420, 424, 428, 431, 432, 433, 436, 438, 439, 441, 442, 443, 448, 449, 450, 451, 455, 457, 458, 463, 468, 474, 476, 480, 481, 483, 486, 495, 500, 501], "summary": {"covered_lines": 32, "num_statements": 39, "percent_covered": 82.05128205128206, "percent_covered_display": "82", "missing_lines": 7, "excluded_lines": 0, "percent_statements_covered": 82.05128205128206, "percent_statements_covered_display": "82"}, "missing_lines": [425, 477, 482, 502, 503, 504, 513], "excluded_lines": [], "start_line": 412}, "update_message": {"executed_lines": [524, 525, 526, 530, 534, 536, 538, 541, 542, 545, 548, 549, 550, 553, 555, 556, 558, 559, 560, 565, 566, 567, 568, 572, 574, 575, 580, 584, 585, 592, 596, 603, 605, 608, 617, 622, 623], "summary": {"covered_lines": 37, "num_statements": 44, "percent_covered": 84.0909090909091, "percent_covered_display": "84", "missing_lines": 7, "excluded_lines": 0, "percent_statements_covered": 84.0909090909091, "percent_statements_covered_display": "84"}, "missing_lines": [531, 593, 604, 624, 625, 626, 635], "excluded_lines": [], "start_line": 517}, "get_broadcast_messages": {"executed_lines": [650, 651, 652, 653, 655, 656, 660, 661, 663, 667, 670, 674, 675, 676, 677, 678, 679, 686, 687, 688, 692, 704, 706, 714, 715], "summary": {"covered_lines": 25, "num_statements": 29, "percent_covered": 86.20689655172414, "percent_covered_display": "86", "missing_lines": 4, "excluded_lines": 0, "percent_statements_covered": 86.20689655172414, "percent_statements_covered_display": "86"}, "missing_lines": [664, 716, 717, 718], "excluded_lines": [], "start_line": 642}, "": {"executed_lines": [1, 2, 4, 5, 7, 8, 13, 14, 17, 18, 19, 20, 23, 27, 31, 157, 161, 211, 215, 278, 282, 333, 337, 411, 412, 516, 517, 638, 642], "summary": {"covered_lines": 29, "num_statements": 29, "percent_covered": 100.0, "percent_covered_display": "100", "missing_lines": 0, "excluded_lines": 0, "percent_statements_covered": 100.0, "percent_statements_covered_display": "100"}, "missing_lines": [], "excluded_lines": [], "start_line": 1}}, "classes": {"": {"executed_lines": [1, 2, 4, 5, 7, 8, 13, 14, 17, 18, 19, 20, 23, 27, 31, 37, 38, 39, 44, 45, 47, 48, 50, 51, 54, 55, 58, 59, 60, 61, 62, 65, 67, 68, 69, 70, 73, 74, 76, 77, 78, 81, 82, 84, 88, 89, 90, 91, 92, 96, 97, 98, 99, 102, 103, 104, 107, 117, 121, 122, 131, 133, 142, 143, 144, 145, 146, 154, 157, 161, 167, 168, 169, 173, 176, 177, 178, 181, 183, 185, 186, 188, 204, 205, 211, 215, 223, 224, 225, 229, 230, 233, 236, 238, 246, 252, 271, 272, 278, 282, 290, 291, 292, 295, 299, 300, 307, 333, 337, 343, 344, 345, 349, 353, 356, 357, 358, 362, 364, 366, 367, 371, 374, 376, 380, 389, 391, 395, 396, 411, 412, 418, 419, 420, 424, 428, 431, 432, 433, 436, 438, 439, 441, 442, 443, 448, 449, 450, 451, 455, 457, 458, 463, 468, 474, 476, 480, 481, 483, 486, 495, 500, 501, 516, 517, 524, 525, 526, 530, 534, 536, 538, 541, 542, 545, 548, 549, 550, 553, 555, 556, 558, 559, 560, 565, 566, 567, 568, 572, 574, 575, 580, 584, 585, 592, 596, 603, 605, 608, 617, 622, 623, 638, 642, 650, 651, 652, 653, 655, 656, 660, 661, 663, 667, 670, 674, 675, 676, 677, 678, 679, 686, 687, 688, 692, 704, 706, 714, 715], "summary": {"covered_lines": 229, "num_statements": 269, "percent_covered": 85.13011152416357, "percent_covered_display": "85", "missing_lines": 40, "excluded_lines": 0, "percent_statements_covered": 85.13011152416357, "percent_statements_covered_display": "85"}, "missing_lines": [71, 75, 85, 118, 206, 207, 208, 273, 274, 275, 296, 326, 327, 328, 329, 330, 350, 377, 397, 398, 399, 408, 425, 477, 482, 502, 503, 504, 513, 531, 593, 604, 624, 625, 626, 635, 664, 716, 717, 718], "excluded_lines": [], "start_line": 1}}}, "app/api/routes/persona.py": {"executed_lines": [1, 2, 3, 5, 6, 7, 9, 10, 15, 17, 18, 21, 22, 23, 26, 30, 31, 43, 44, 45, 46, 49, 52, 56, 59, 60, 61, 66, 133, 134, 148, 149, 192, 193, 195, 196, 199, 202, 203, 204, 207, 213, 214, 215, 216, 217, 220, 221, 227, 228, 229, 232, 233, 235, 244, 245, 258, 259, 260, 264, 265, 276, 291, 292, 299, 300, 301, 305, 307, 308, 309, 311, 313, 315, 316, 317, 319, 320, 321, 322, 323, 325, 328, 331, 335, 336, 337, 339, 342, 343, 344, 360, 361, 376, 377, 383, 384, 385, 388, 391, 392, 393, 397, 398, 400, 401, 403, 404, 407, 408, 410, 411, 414, 423, 427, 428, 442, 443, 496, 497, 503, 504, 505, 509, 512, 513, 514, 517, 519, 522, 523, 528, 529, 533, 534, 539, 548, 552, 553, 554, 555, 556, 565, 568, 569, 576, 577, 578, 582, 585, 586, 589, 591, 593, 594, 596, 600, 627, 628, 629, 630, 632, 640, 643, 644, 651, 652, 653, 657, 660, 661, 662, 664, 668, 669, 672, 729, 730, 731, 732, 734, 742, 745, 746, 752, 754, 757, 758, 759, 762, 763, 764, 772, 789, 790, 791, 792, 798, 799, 806, 807, 808, 812, 815, 816, 820, 821, 824, 849, 850, 851, 852, 854, 862], "summary": {"covered_lines": 214, "num_statements": 346, "percent_covered": 61.84971098265896, "percent_covered_display": "62", "missing_lines": 132, "excluded_lines": 0, "percent_statements_covered": 61.84971098265896, "percent_statements_covered_display": "62"}, "missing_lines": [50, 53, 76, 77, 78, 79, 81, 82, 83, 84, 86, 87, 88, 90, 91, 92, 93, 94, 95, 98, 99, 106, 107, 110, 119, 128, 135, 136, 137, 145, 160, 161, 164, 167, 168, 170, 178, 186, 187, 189, 208, 239, 240, 241, 284, 285, 286, 287, 288, 326, 329, 332, 333, 340, 346, 355, 362, 363, 364, 373, 405, 409, 429, 430, 431, 439, 449, 450, 451, 455, 458, 459, 460, 463, 464, 465, 468, 477, 481, 482, 483, 484, 485, 493, 524, 530, 535, 536, 587, 597, 602, 603, 606, 615, 624, 666, 674, 675, 677, 680, 681, 683, 684, 687, 688, 689, 690, 692, 695, 704, 713, 715, 724, 725, 766, 767, 768, 769, 773, 774, 777, 778, 780, 783, 817, 825, 826, 829, 830, 831, 834, 843], "excluded_lines": [], "functions": {"upload_persona_card": {"executed_lines": [43, 44, 45, 46, 49, 52, 56, 59, 60, 61, 66, 133, 134], "summary": {"covered_lines": 13, "num_statements": 43, "percent_covered": 30.232558139534884, "percent_covered_display": "30", "missing_lines": 30, "excluded_lines": 0, "percent_statements_covered": 30.232558139534884, "percent_statements_covered_display": "30"}, "missing_lines": [50, 53, 76, 77, 78, 79, 81, 82, 83, 84, 86, 87, 88, 90, 91, 92, 93, 94, 95, 98, 99, 106, 107, 110, 119, 128, 135, 136, 137, 145], "excluded_lines": [], "start_line": 31}, "get_public_persona_cards": {"executed_lines": [], "summary": {"covered_lines": 0, "num_statements": 10, "percent_covered": 0.0, "percent_covered_display": "0", "missing_lines": 10, "excluded_lines": 0, "percent_statements_covered": 0.0, "percent_statements_covered_display": "0"}, "missing_lines": [160, 161, 164, 167, 168, 170, 178, 186, 187, 189], "excluded_lines": [], "start_line": 149}, "get_persona_card": {"executed_lines": [195, 196, 199, 202, 203, 204, 207, 213, 214, 215, 216, 217], "summary": {"covered_lines": 12, "num_statements": 13, "percent_covered": 92.3076923076923, "percent_covered_display": "92", "missing_lines": 1, "excluded_lines": 0, "percent_statements_covered": 92.3076923076923, "percent_statements_covered_display": "92"}, "missing_lines": [208], "excluded_lines": [], "start_line": 193}, "check_persona_starred": {"executed_lines": [227, 228, 229, 232, 233, 235], "summary": {"covered_lines": 6, "num_statements": 9, "percent_covered": 66.66666666666667, "percent_covered_display": "67", "missing_lines": 3, "excluded_lines": 0, "percent_statements_covered": 66.66666666666667, "percent_statements_covered_display": "67"}, "missing_lines": [239, 240, 241], "excluded_lines": [], "start_line": 221}, "get_user_persona_cards": {"executed_lines": [258, 259, 260, 264, 265, 276], "summary": {"covered_lines": 6, "num_statements": 11, "percent_covered": 54.54545454545455, "percent_covered_display": "55", "missing_lines": 5, "excluded_lines": 0, "percent_statements_covered": 54.54545454545455, "percent_statements_covered_display": "55"}, "missing_lines": [284, 285, 286, 287, 288], "excluded_lines": [], "start_line": 245}, "update_persona_card": {"executed_lines": [299, 300, 301, 305, 307, 308, 309, 311, 313, 315, 316, 317, 319, 320, 321, 322, 323, 325, 328, 331, 335, 336, 337, 339, 342, 343, 344, 360, 361], "summary": {"covered_lines": 29, "num_statements": 40, "percent_covered": 72.5, "percent_covered_display": "72", "missing_lines": 11, "excluded_lines": 0, "percent_statements_covered": 72.5, "percent_statements_covered_display": "72"}, "missing_lines": [326, 329, 332, 333, 340, 346, 355, 362, 363, 364, 373], "excluded_lines": [], "start_line": 292}, "star_persona_card": {"executed_lines": [383, 384, 385, 388, 391, 392, 393, 397, 398, 400, 401, 403, 404, 407, 408, 410, 411, 414, 423, 427, 428], "summary": {"covered_lines": 21, "num_statements": 27, "percent_covered": 77.77777777777777, "percent_covered_display": "78", "missing_lines": 6, "excluded_lines": 0, "percent_statements_covered": 77.77777777777777, "percent_statements_covered_display": "78"}, "missing_lines": [405, 409, 429, 430, 431, 439], "excluded_lines": [], "start_line": 377}, "unstar_persona_card": {"executed_lines": [], "summary": {"covered_lines": 0, "num_statements": 18, "percent_covered": 0.0, "percent_covered_display": "0", "missing_lines": 18, "excluded_lines": 0, "percent_statements_covered": 0.0, "percent_statements_covered_display": "0"}, "missing_lines": [449, 450, 451, 455, 458, 459, 460, 463, 464, 465, 468, 477, 481, 482, 483, 484, 485, 493], "excluded_lines": [], "start_line": 443}, "delete_persona_card": {"executed_lines": [503, 504, 505, 509, 512, 513, 514, 517, 519, 522, 523, 528, 529, 533, 534, 539, 548, 552, 553, 554, 555, 556, 565], "summary": {"covered_lines": 23, "num_statements": 27, "percent_covered": 85.18518518518519, "percent_covered_display": "85", "missing_lines": 4, "excluded_lines": 0, "percent_statements_covered": 85.18518518518519, "percent_statements_covered_display": "85"}, "missing_lines": [524, 530, 535, 536], "excluded_lines": [], "start_line": 497}, "add_files_to_persona_card": {"executed_lines": [576, 577, 578, 582, 585, 586, 589, 591, 593, 594, 596, 600, 627, 628, 629, 630, 632, 640], "summary": {"covered_lines": 18, "num_statements": 25, "percent_covered": 72.0, "percent_covered_display": "72", "missing_lines": 7, "excluded_lines": 0, "percent_statements_covered": 72.0, "percent_statements_covered_display": "72"}, "missing_lines": [587, 597, 602, 603, 606, 615, 624], "excluded_lines": [], "start_line": 569}, "delete_files_from_persona_card": {"executed_lines": [651, 652, 653, 657, 660, 661, 662, 664, 668, 669, 672, 729, 730, 731, 732, 734, 742], "summary": {"covered_lines": 17, "num_statements": 36, "percent_covered": 47.22222222222222, "percent_covered_display": "47", "missing_lines": 19, "excluded_lines": 0, "percent_statements_covered": 47.22222222222222, "percent_statements_covered_display": "47"}, "missing_lines": [666, 674, 675, 677, 680, 681, 683, 684, 687, 688, 689, 690, 692, 695, 704, 713, 715, 724, 725], "excluded_lines": [], "start_line": 644}, "download_persona_card_files": {"executed_lines": [752, 754, 757, 758, 759, 762, 763, 764, 772, 789, 790, 791, 792], "summary": {"covered_lines": 13, "num_statements": 23, "percent_covered": 56.52173913043478, "percent_covered_display": "57", "missing_lines": 10, "excluded_lines": 0, "percent_statements_covered": 56.52173913043478, "percent_statements_covered_display": "57"}, "missing_lines": [766, 767, 768, 769, 773, 774, 777, 778, 780, 783], "excluded_lines": [], "start_line": 746}, "download_persona_card_file": {"executed_lines": [806, 807, 808, 812, 815, 816, 820, 821, 824, 849, 850, 851, 852, 854, 862], "summary": {"covered_lines": 15, "num_statements": 23, "percent_covered": 65.21739130434783, "percent_covered_display": "65", "missing_lines": 8, "excluded_lines": 0, "percent_statements_covered": 65.21739130434783, "percent_statements_covered_display": "65"}, "missing_lines": [817, 825, 826, 829, 830, 831, 834, 843], "excluded_lines": [], "start_line": 799}, "": {"executed_lines": [1, 2, 3, 5, 6, 7, 9, 10, 15, 17, 18, 21, 22, 23, 26, 30, 31, 148, 149, 192, 193, 220, 221, 244, 245, 291, 292, 376, 377, 442, 443, 496, 497, 568, 569, 643, 644, 745, 746, 798, 799], "summary": {"covered_lines": 41, "num_statements": 41, "percent_covered": 100.0, "percent_covered_display": "100", "missing_lines": 0, "excluded_lines": 0, "percent_statements_covered": 100.0, "percent_statements_covered_display": "100"}, "missing_lines": [], "excluded_lines": [], "start_line": 1}}, "classes": {"": {"executed_lines": [1, 2, 3, 5, 6, 7, 9, 10, 15, 17, 18, 21, 22, 23, 26, 30, 31, 43, 44, 45, 46, 49, 52, 56, 59, 60, 61, 66, 133, 134, 148, 149, 192, 193, 195, 196, 199, 202, 203, 204, 207, 213, 214, 215, 216, 217, 220, 221, 227, 228, 229, 232, 233, 235, 244, 245, 258, 259, 260, 264, 265, 276, 291, 292, 299, 300, 301, 305, 307, 308, 309, 311, 313, 315, 316, 317, 319, 320, 321, 322, 323, 325, 328, 331, 335, 336, 337, 339, 342, 343, 344, 360, 361, 376, 377, 383, 384, 385, 388, 391, 392, 393, 397, 398, 400, 401, 403, 404, 407, 408, 410, 411, 414, 423, 427, 428, 442, 443, 496, 497, 503, 504, 505, 509, 512, 513, 514, 517, 519, 522, 523, 528, 529, 533, 534, 539, 548, 552, 553, 554, 555, 556, 565, 568, 569, 576, 577, 578, 582, 585, 586, 589, 591, 593, 594, 596, 600, 627, 628, 629, 630, 632, 640, 643, 644, 651, 652, 653, 657, 660, 661, 662, 664, 668, 669, 672, 729, 730, 731, 732, 734, 742, 745, 746, 752, 754, 757, 758, 759, 762, 763, 764, 772, 789, 790, 791, 792, 798, 799, 806, 807, 808, 812, 815, 816, 820, 821, 824, 849, 850, 851, 852, 854, 862], "summary": {"covered_lines": 214, "num_statements": 346, "percent_covered": 61.84971098265896, "percent_covered_display": "62", "missing_lines": 132, "excluded_lines": 0, "percent_statements_covered": 61.84971098265896, "percent_statements_covered_display": "62"}, "missing_lines": [50, 53, 76, 77, 78, 79, 81, 82, 83, 84, 86, 87, 88, 90, 91, 92, 93, 94, 95, 98, 99, 106, 107, 110, 119, 128, 135, 136, 137, 145, 160, 161, 164, 167, 168, 170, 178, 186, 187, 189, 208, 239, 240, 241, 284, 285, 286, 287, 288, 326, 329, 332, 333, 340, 346, 355, 362, 363, 364, 373, 405, 409, 429, 430, 431, 439, 449, 450, 451, 455, 458, 459, 460, 463, 464, 465, 468, 477, 481, 482, 483, 484, 485, 493, 524, 530, 535, 536, 587, 597, 602, 603, 606, 615, 624, 666, 674, 675, 677, 680, 681, 683, 684, 687, 688, 689, 690, 692, 695, 704, 713, 715, 724, 725, 766, 767, 768, 769, 773, 774, 777, 778, 780, 783, 817, 825, 826, 829, 830, 831, 834, 843], "excluded_lines": [], "start_line": 1}}}, "app/api/routes/review.py": {"executed_lines": [1, 2, 3, 5, 7, 8, 16, 17, 18, 19, 20, 21, 24, 27, 31, 35, 48, 49, 50, 51, 52, 57, 59, 62, 63, 64, 65, 68, 71, 76, 78, 79, 81, 84, 85, 87, 101, 105, 118, 119, 120, 121, 122, 127, 129, 132, 133, 134, 138, 141, 146, 148, 151, 154, 155, 157, 171, 175, 182, 183, 184, 185, 186, 191, 192, 193, 194, 195, 201, 202, 203, 205, 206, 209, 210, 214, 215, 216, 222, 223, 224, 230, 231, 232, 238, 239, 240, 248, 252, 260, 261, 262, 263, 264, 269, 270, 271, 272, 273, 279, 280, 281, 283, 284, 287, 288, 292, 293, 294, 300, 307, 308, 311, 312, 313, 319, 320, 321, 329, 333, 340, 341, 342, 343, 344, 349, 350, 351, 352, 353, 359, 360, 361, 363, 364, 367, 368, 372, 373, 374, 380, 381, 382, 388, 389, 390, 396, 397, 398, 406, 410, 418, 419, 420, 421, 422, 427, 428, 429, 430, 431, 437, 438, 439, 441, 442, 445, 446, 450, 451, 452, 458, 465, 466, 469, 470, 471, 477, 478, 479], "summary": {"covered_lines": 180, "num_statements": 210, "percent_covered": 85.71428571428571, "percent_covered_display": "86", "missing_lines": 30, "excluded_lines": 0, "percent_statements_covered": 85.71428571428571, "percent_statements_covered_display": "86"}, "missing_lines": [94, 95, 135, 149, 164, 165, 217, 218, 233, 234, 241, 242, 295, 296, 314, 315, 322, 323, 375, 376, 391, 392, 399, 400, 453, 454, 472, 473, 480, 481], "excluded_lines": [], "functions": {"get_pending_knowledge_bases": {"executed_lines": [48, 49, 50, 51, 52, 57, 59, 62, 63, 64, 65, 68, 71, 76, 78, 79, 81, 84, 85, 87], "summary": {"covered_lines": 20, "num_statements": 22, "percent_covered": 90.9090909090909, "percent_covered_display": "91", "missing_lines": 2, "excluded_lines": 0, "percent_statements_covered": 90.9090909090909, "percent_statements_covered_display": "91"}, "missing_lines": [94, 95], "excluded_lines": [], "start_line": 35}, "get_pending_persona_cards": {"executed_lines": [118, 119, 120, 121, 122, 127, 129, 132, 133, 134, 138, 141, 146, 148, 151, 154, 155, 157], "summary": {"covered_lines": 18, "num_statements": 22, "percent_covered": 81.81818181818181, "percent_covered_display": "82", "missing_lines": 4, "excluded_lines": 0, "percent_statements_covered": 81.81818181818181, "percent_statements_covered_display": "82"}, "missing_lines": [135, 149, 164, 165], "excluded_lines": [], "start_line": 105}, "approve_knowledge_base": {"executed_lines": [182, 183, 184, 185, 186, 191, 192, 193, 194, 195, 201, 202, 203, 205, 206, 209, 210, 214, 215, 216, 222, 223, 224, 230, 231, 232, 238, 239, 240], "summary": {"covered_lines": 29, "num_statements": 35, "percent_covered": 82.85714285714286, "percent_covered_display": "83", "missing_lines": 6, "excluded_lines": 0, "percent_statements_covered": 82.85714285714286, "percent_statements_covered_display": "83"}, "missing_lines": [217, 218, 233, 234, 241, 242], "excluded_lines": [], "start_line": 175}, "reject_knowledge_base": {"executed_lines": [260, 261, 262, 263, 264, 269, 270, 271, 272, 273, 279, 280, 281, 283, 284, 287, 288, 292, 293, 294, 300, 307, 308, 311, 312, 313, 319, 320, 321], "summary": {"covered_lines": 29, "num_statements": 35, "percent_covered": 82.85714285714286, "percent_covered_display": "83", "missing_lines": 6, "excluded_lines": 0, "percent_statements_covered": 82.85714285714286, "percent_statements_covered_display": "83"}, "missing_lines": [295, 296, 314, 315, 322, 323], "excluded_lines": [], "start_line": 252}, "approve_persona_card": {"executed_lines": [340, 341, 342, 343, 344, 349, 350, 351, 352, 353, 359, 360, 361, 363, 364, 367, 368, 372, 373, 374, 380, 381, 382, 388, 389, 390, 396, 397, 398], "summary": {"covered_lines": 29, "num_statements": 35, "percent_covered": 82.85714285714286, "percent_covered_display": "83", "missing_lines": 6, "excluded_lines": 0, "percent_statements_covered": 82.85714285714286, "percent_statements_covered_display": "83"}, "missing_lines": [375, 376, 391, 392, 399, 400], "excluded_lines": [], "start_line": 333}, "reject_persona_card": {"executed_lines": [418, 419, 420, 421, 422, 427, 428, 429, 430, 431, 437, 438, 439, 441, 442, 445, 446, 450, 451, 452, 458, 465, 466, 469, 470, 471, 477, 478, 479], "summary": {"covered_lines": 29, "num_statements": 35, "percent_covered": 82.85714285714286, "percent_covered_display": "83", "missing_lines": 6, "excluded_lines": 0, "percent_statements_covered": 82.85714285714286, "percent_statements_covered_display": "83"}, "missing_lines": [453, 454, 472, 473, 480, 481], "excluded_lines": [], "start_line": 410}, "": {"executed_lines": [1, 2, 3, 5, 7, 8, 16, 17, 18, 19, 20, 21, 24, 27, 31, 35, 101, 105, 171, 175, 248, 252, 329, 333, 406, 410], "summary": {"covered_lines": 26, "num_statements": 26, "percent_covered": 100.0, "percent_covered_display": "100", "missing_lines": 0, "excluded_lines": 0, "percent_statements_covered": 100.0, "percent_statements_covered_display": "100"}, "missing_lines": [], "excluded_lines": [], "start_line": 1}}, "classes": {"": {"executed_lines": [1, 2, 3, 5, 7, 8, 16, 17, 18, 19, 20, 21, 24, 27, 31, 35, 48, 49, 50, 51, 52, 57, 59, 62, 63, 64, 65, 68, 71, 76, 78, 79, 81, 84, 85, 87, 101, 105, 118, 119, 120, 121, 122, 127, 129, 132, 133, 134, 138, 141, 146, 148, 151, 154, 155, 157, 171, 175, 182, 183, 184, 185, 186, 191, 192, 193, 194, 195, 201, 202, 203, 205, 206, 209, 210, 214, 215, 216, 222, 223, 224, 230, 231, 232, 238, 239, 240, 248, 252, 260, 261, 262, 263, 264, 269, 270, 271, 272, 273, 279, 280, 281, 283, 284, 287, 288, 292, 293, 294, 300, 307, 308, 311, 312, 313, 319, 320, 321, 329, 333, 340, 341, 342, 343, 344, 349, 350, 351, 352, 353, 359, 360, 361, 363, 364, 367, 368, 372, 373, 374, 380, 381, 382, 388, 389, 390, 396, 397, 398, 406, 410, 418, 419, 420, 421, 422, 427, 428, 429, 430, 431, 437, 438, 439, 441, 442, 445, 446, 450, 451, 452, 458, 465, 466, 469, 470, 471, 477, 478, 479], "summary": {"covered_lines": 180, "num_statements": 210, "percent_covered": 85.71428571428571, "percent_covered_display": "86", "missing_lines": 30, "excluded_lines": 0, "percent_statements_covered": 85.71428571428571, "percent_statements_covered_display": "86"}, "missing_lines": [94, 95, 135, 149, 164, 165, 217, 218, 233, 234, 241, 242, 295, 296, 314, 315, 322, 323, 375, 376, 391, 392, 399, 400, 453, 454, 472, 473, 480, 481], "excluded_lines": [], "start_line": 1}}}, "app/api/routes/users.py": {"executed_lines": [2, 3, 4, 5, 6, 8, 9, 10, 11, 12, 18, 22, 23, 27, 30, 33, 37, 42, 43, 44, 46, 47, 49, 50, 51, 52, 54, 55, 56, 57, 58, 59, 60, 62, 80, 84, 91, 92, 93, 96, 97, 98, 100, 101, 104, 105, 108, 109, 111, 112, 113, 117, 148, 149, 150, 151, 152, 155, 159, 165, 166, 167, 170, 173, 174, 175, 178, 179, 182, 183, 184, 188, 192, 193, 197, 198, 199, 224, 225, 226, 227, 228, 231, 235, 240, 241, 242, 244, 245, 246, 250, 254, 255, 256, 274, 276, 277, 278, 281, 282, 288, 289, 290, 334, 336, 337, 338, 342, 346, 357, 358, 359, 364, 367, 369, 374, 378, 379, 401, 404, 405, 406, 407, 410, 446, 447, 448, 449, 452, 460, 462, 488, 492, 594, 598, 645, 649, 722, 726], "summary": {"covered_lines": 139, "num_statements": 309, "percent_covered": 44.983818770226534, "percent_covered_display": "45", "missing_lines": 170, "excluded_lines": 0, "percent_statements_covered": 44.983818770226534, "percent_statements_covered_display": "45"}, "missing_lines": [75, 76, 77, 114, 118, 120, 123, 124, 127, 130, 131, 132, 134, 142, 144, 180, 185, 189, 200, 202, 203, 205, 213, 216, 247, 251, 257, 258, 260, 268, 270, 275, 292, 293, 294, 295, 297, 298, 299, 300, 301, 302, 304, 305, 307, 308, 311, 312, 313, 314, 315, 316, 318, 326, 329, 335, 375, 381, 382, 383, 384, 387, 388, 389, 390, 393, 394, 397, 398, 411, 421, 422, 423, 424, 425, 426, 429, 430, 440, 441, 442, 443, 469, 470, 471, 473, 474, 475, 476, 484, 499, 500, 501, 504, 505, 506, 507, 509, 510, 514, 515, 517, 518, 519, 520, 521, 522, 523, 526, 527, 528, 529, 530, 531, 532, 535, 539, 542, 561, 563, 571, 573, 581, 582, 583, 591, 603, 604, 605, 607, 608, 610, 618, 620, 632, 633, 634, 642, 654, 655, 656, 658, 661, 662, 663, 664, 667, 668, 670, 673, 677, 680, 684, 696, 704, 709, 710, 711, 719, 732, 733, 734, 736, 737, 739, 747, 751, 752, 753, 761], "excluded_lines": [], "functions": {"read_users_me": {"executed_lines": [42, 43, 44, 46, 47, 49, 50, 51, 52, 54, 55, 56, 57, 58, 59, 60, 62], "summary": {"covered_lines": 17, "num_statements": 20, "percent_covered": 85.0, "percent_covered_display": "85", "missing_lines": 3, "excluded_lines": 0, "percent_statements_covered": 85.0, "percent_statements_covered_display": "85"}, "missing_lines": [75, 76, 77], "excluded_lines": [], "start_line": 37}, "change_password": {"executed_lines": [91, 92, 93, 96, 97, 98, 100, 101, 104, 105, 108, 109, 111, 112, 113, 117, 148, 149, 150, 151, 152], "summary": {"covered_lines": 21, "num_statements": 33, "percent_covered": 63.63636363636363, "percent_covered_display": "64", "missing_lines": 12, "excluded_lines": 0, "percent_statements_covered": 63.63636363636363, "percent_statements_covered_display": "64"}, "missing_lines": [114, 118, 120, 123, 124, 127, 130, 131, 132, 134, 142, 144], "excluded_lines": [], "start_line": 84}, "upload_avatar": {"executed_lines": [165, 166, 167, 170, 173, 174, 175, 178, 179, 182, 183, 184, 188, 192, 193, 197, 198, 199, 224, 225, 226, 227, 228], "summary": {"covered_lines": 23, "num_statements": 32, "percent_covered": 71.875, "percent_covered_display": "72", "missing_lines": 9, "excluded_lines": 0, "percent_statements_covered": 71.875, "percent_statements_covered_display": "72"}, "missing_lines": [180, 185, 189, 200, 202, 203, 205, 213, 216], "excluded_lines": [], "start_line": 159}, "delete_avatar_endpoint": {"executed_lines": [240, 241, 242, 244, 245, 246, 250, 254, 255, 256, 274, 276, 277, 278], "summary": {"covered_lines": 14, "num_statements": 22, "percent_covered": 63.63636363636363, "percent_covered_display": "64", "missing_lines": 8, "excluded_lines": 0, "percent_statements_covered": 63.63636363636363, "percent_statements_covered_display": "64"}, "missing_lines": [247, 251, 257, 258, 260, 268, 270, 275], "excluded_lines": [], "start_line": 235}, "get_user_avatar": {"executed_lines": [288, 289, 290, 334, 336, 337, 338], "summary": {"covered_lines": 7, "num_statements": 31, "percent_covered": 22.580645161290324, "percent_covered_display": "23", "missing_lines": 24, "excluded_lines": 0, "percent_statements_covered": 22.580645161290324, "percent_statements_covered_display": "23"}, "missing_lines": [292, 293, 294, 295, 297, 298, 299, 300, 301, 302, 304, 305, 307, 308, 311, 312, 313, 314, 315, 316, 318, 326, 329, 335], "excluded_lines": [], "start_line": 282}, "get_user_stars": {"executed_lines": [357, 358, 359, 364, 367, 369, 374, 378, 379, 401, 404, 405, 406, 407, 410, 446, 447, 448, 449, 452, 460, 462], "summary": {"covered_lines": 22, "num_statements": 56, "percent_covered": 39.285714285714285, "percent_covered_display": "39", "missing_lines": 34, "excluded_lines": 0, "percent_statements_covered": 39.285714285714285, "percent_statements_covered_display": "39"}, "missing_lines": [375, 381, 382, 383, 384, 387, 388, 389, 390, 393, 394, 397, 398, 411, 421, 422, 423, 424, 425, 426, 429, 430, 440, 441, 442, 443, 469, 470, 471, 473, 474, 475, 476, 484], "excluded_lines": [], "start_line": 346}, "get_my_upload_history": {"executed_lines": [], "summary": {"covered_lines": 0, "num_statements": 36, "percent_covered": 0.0, "percent_covered_display": "0", "missing_lines": 36, "excluded_lines": 0, "percent_statements_covered": 0.0, "percent_statements_covered_display": "0"}, "missing_lines": [499, 500, 501, 504, 505, 506, 507, 509, 510, 514, 515, 517, 518, 519, 520, 521, 522, 523, 526, 527, 528, 529, 530, 531, 532, 535, 539, 542, 561, 563, 571, 573, 581, 582, 583, 591], "excluded_lines": [], "start_line": 492}, "get_my_upload_stats": {"executed_lines": [], "summary": {"covered_lines": 0, "num_statements": 12, "percent_covered": 0.0, "percent_covered_display": "0", "missing_lines": 12, "excluded_lines": 0, "percent_statements_covered": 0.0, "percent_statements_covered_display": "0"}, "missing_lines": [603, 604, 605, 607, 608, 610, 618, 620, 632, 633, 634, 642], "excluded_lines": [], "start_line": 598}, "get_my_dashboard_stats": {"executed_lines": [], "summary": {"covered_lines": 0, "num_statements": 21, "percent_covered": 0.0, "percent_covered_display": "0", "missing_lines": 21, "excluded_lines": 0, "percent_statements_covered": 0.0, "percent_statements_covered_display": "0"}, "missing_lines": [654, 655, 656, 658, 661, 662, 663, 664, 667, 668, 670, 673, 677, 680, 684, 696, 704, 709, 710, 711, 719], "excluded_lines": [], "start_line": 649}, "get_my_dashboard_trends": {"executed_lines": [], "summary": {"covered_lines": 0, "num_statements": 11, "percent_covered": 0.0, "percent_covered_display": "0", "missing_lines": 11, "excluded_lines": 0, "percent_statements_covered": 0.0, "percent_statements_covered_display": "0"}, "missing_lines": [732, 733, 734, 736, 737, 739, 747, 751, 752, 753, 761], "excluded_lines": [], "start_line": 726}, "": {"executed_lines": [2, 3, 4, 5, 6, 8, 9, 10, 11, 12, 18, 22, 23, 27, 30, 33, 37, 80, 84, 155, 159, 231, 235, 281, 282, 342, 346, 488, 492, 594, 598, 645, 649, 722, 726], "summary": {"covered_lines": 35, "num_statements": 35, "percent_covered": 100.0, "percent_covered_display": "100", "missing_lines": 0, "excluded_lines": 0, "percent_statements_covered": 100.0, "percent_statements_covered_display": "100"}, "missing_lines": [], "excluded_lines": [], "start_line": 1}}, "classes": {"": {"executed_lines": [2, 3, 4, 5, 6, 8, 9, 10, 11, 12, 18, 22, 23, 27, 30, 33, 37, 42, 43, 44, 46, 47, 49, 50, 51, 52, 54, 55, 56, 57, 58, 59, 60, 62, 80, 84, 91, 92, 93, 96, 97, 98, 100, 101, 104, 105, 108, 109, 111, 112, 113, 117, 148, 149, 150, 151, 152, 155, 159, 165, 166, 167, 170, 173, 174, 175, 178, 179, 182, 183, 184, 188, 192, 193, 197, 198, 199, 224, 225, 226, 227, 228, 231, 235, 240, 241, 242, 244, 245, 246, 250, 254, 255, 256, 274, 276, 277, 278, 281, 282, 288, 289, 290, 334, 336, 337, 338, 342, 346, 357, 358, 359, 364, 367, 369, 374, 378, 379, 401, 404, 405, 406, 407, 410, 446, 447, 448, 449, 452, 460, 462, 488, 492, 594, 598, 645, 649, 722, 726], "summary": {"covered_lines": 139, "num_statements": 309, "percent_covered": 44.983818770226534, "percent_covered_display": "45", "missing_lines": 170, "excluded_lines": 0, "percent_statements_covered": 44.983818770226534, "percent_statements_covered_display": "45"}, "missing_lines": [75, 76, 77, 114, 118, 120, 123, 124, 127, 130, 131, 132, 134, 142, 144, 180, 185, 189, 200, 202, 203, 205, 213, 216, 247, 251, 257, 258, 260, 268, 270, 275, 292, 293, 294, 295, 297, 298, 299, 300, 301, 302, 304, 305, 307, 308, 311, 312, 313, 314, 315, 316, 318, 326, 329, 335, 375, 381, 382, 383, 384, 387, 388, 389, 390, 393, 394, 397, 398, 411, 421, 422, 423, 424, 425, 426, 429, 430, 440, 441, 442, 443, 469, 470, 471, 473, 474, 475, 476, 484, 499, 500, 501, 504, 505, 506, 507, 509, 510, 514, 515, 517, 518, 519, 520, 521, 522, 523, 526, 527, 528, 529, 530, 531, 532, 535, 539, 542, 561, 563, 571, 573, 581, 582, 583, 591, 603, 604, 605, 607, 608, 610, 618, 620, 632, 633, 634, 642, 654, 655, 656, 658, 661, 662, 663, 664, 667, 668, 670, 673, 677, 680, 684, 696, 704, 709, 710, 711, 719, 732, 733, 734, 736, 737, 739, 747, 751, 752, 753, 761], "excluded_lines": [], "start_line": 1}}}, "app/api/websocket.py": {"executed_lines": [7, 9, 10, 13, 35, 36, 37, 38, 41, 42, 43, 44, 47, 50, 53, 54, 56, 57, 59], "summary": {"covered_lines": 19, "num_statements": 22, "percent_covered": 86.36363636363636, "percent_covered_display": "86", "missing_lines": 3, "excluded_lines": 0, "percent_statements_covered": 86.36363636363636, "percent_statements_covered_display": "86"}, "missing_lines": [60, 62, 63], "excluded_lines": [], "functions": {"message_websocket_endpoint": {"executed_lines": [35, 36, 37, 38, 41, 42, 43, 44, 47, 50, 53, 54, 56, 57, 59], "summary": {"covered_li
[...]
"excluded_lines": [], "start_line": 261}, "UserService.verify_credentials": {"executed_lines": [310, 311, 312, 315, 316, 317, 318, 319, 320, 322, 323, 326, 328, 329, 332, 334, 335], "summary": {"covered_lines": 17, "num_statements": 20, "percent_covered": 85.0, "percent_covered_display": "85", "missing_lines": 3, "excluded_lines": 0, "percent_statements_covered": 85.0, "percent_statements_covered_display": "85"}, "missing_lines": [336, 337, 338], "excluded_lines": [], "start_line": 299}, "UserService.check_account_lock": {"executed_lines": [350, 351, 352, 355, 356, 358], "summary": {"covered_lines": 6, "num_statements": 10, "percent_covered": 60.0, "percent_covered_display": "60", "missing_lines": 4, "excluded_lines": 0, "percent_statements_covered": 60.0, "percent_statements_covered_display": "60"}, "missing_lines": [353, 359, 360, 361], "excluded_lines": [], "start_line": 340}, "UserService.increment_failed_login": {"executed_lines": [370, 371, 372, 375, 376, 379, 380, 381, 383], "summary": {"covered_lines": 9, "num_statements": 13, "percent_covered": 69.23076923076923, "percent_covered_display": "69", "missing_lines": 4, "excluded_lines": 0, "percent_statements_covered": 69.23076923076923, "percent_statements_covered_display": "69"}, "missing_lines": [373, 384, 385, 386], "excluded_lines": [], "start_line": 363}, "UserService.reset_failed_login": {"executed_lines": [395, 396, 397, 400, 401, 402, 403], "summary": {"covered_lines": 7, "num_statements": 11, "percent_covered": 63.63636363636363, "percent_covered_display": "64", "missing_lines": 4, "excluded_lines": 0, "percent_statements_covered": 63.63636363636363, "percent_statements_covered_display": "64"}, "missing_lines": [398, 404, 405, 406], "excluded_lines": [], "start_line": 388}, "UserService.ensure_super_admin_exists": {"executed_lines": [413, 415, 416, 417, 420, 421, 422, 424, 426, 439, 440, 442], "summary": {"covered_lines": 12, "num_statements": 15, "percent_covered": 80.0, "percent_covered_display": "80", "missing_lines": 3, "excluded_lines": 0, "percent_statements_covered": 80.0, "percent_statements_covered_display": "80"}, "missing_lines": [443, 444, 445], "excluded_lines": [], "start_line": 408}, "UserService.promote_to_admin": {"executed_lines": [458, 460, 461, 462, 463, 465, 466, 469, 470, 472, 473], "summary": {"covered_lines": 11, "num_statements": 16, "percent_covered": 68.75, "percent_covered_display": "69", "missing_lines": 5, "excluded_lines": 0, "percent_statements_covered": 68.75, "percent_statements_covered_display": "69"}, "missing_lines": [467, 474, 475, 476, 477], "excluded_lines": [], "start_line": 447}, "UserService.promote_to_moderator": {"executed_lines": [490, 492, 493, 494, 495, 497, 498, 501, 502, 504, 505], "summary": {"covered_lines": 11, "num_statements": 16, "percent_covered": 68.75, "percent_covered_display": "69", "missing_lines": 5, "excluded_lines": 0, "percent_statements_covered": 68.75, "percent_statements_covered_display": "69"}, "missing_lines": [499, 506, 507, 508, 509], "excluded_lines": [], "start_line": 479}, "": {"executed_lines": [6, 7, 8, 9, 10, 11, 13, 14, 16, 19, 25, 34, 50, 66, 83, 96, 159, 216, 261, 299, 340, 363, 388, 408, 447, 479], "summary": {"covered_lines": 26, "num_statements": 26, "percent_covered": 100.0, "percent_covered_display": "100", "missing_lines": 0, "excluded_lines": 0, "percent_statements_covered": 100.0, "percent_statements_covered_display": "100"}, "missing_lines": [], "excluded_lines": [], "start_line": 1}}, "classes": {"UserService": {"executed_lines": [32, 44, 45, 60, 61, 76, 77, 78, 79, 80, 81, 119, 121, 122, 123, 126, 127, 132, 135, 148, 149, 150, 152, 153, 176, 177, 178, 179, 180, 183, 184, 185, 188, 190, 191, 192, 193, 194, 197, 198, 200, 201, 204, 206, 207, 209, 210, 211, 212, 213, 214, 233, 234, 235, 240, 241, 242, 245, 248, 250, 252, 254, 255, 278, 279, 280, 284, 285, 286, 287, 289, 290, 292, 293, 310, 311, 312, 315, 316, 317, 318, 319, 320, 322, 323, 326, 328, 329, 332, 334, 335, 350, 351, 352, 355, 356, 358, 370, 371, 372, 375, 376, 379, 380, 381, 383, 395, 396, 397, 400, 401, 402, 403, 413, 415, 416, 417, 420, 421, 422, 424, 426, 439, 440, 442, 458, 460, 461, 462, 463, 465, 466, 469, 470, 472, 473, 490, 492, 493, 494, 495, 497, 498, 501, 502, 504, 505], "summary": {"covered_lines": 147, "num_statements": 206, "percent_covered": 71.35922330097087, "percent_covered_display": "71", "missing_lines": 59, "excluded_lines": 0, "percent_statements_covered": 71.35922330097087, "percent_statements_covered_display": "71"}, "missing_lines": [46, 47, 48, 62, 63, 64, 90, 91, 92, 93, 94, 128, 129, 154, 155, 156, 157, 202, 203, 236, 237, 256, 257, 258, 259, 281, 282, 294, 295, 296, 297, 336, 337, 338, 353, 359, 360, 361, 373, 384, 385, 386, 398, 404, 405, 406, 443, 444, 445, 467, 474, 475, 476, 477, 499, 506, 507, 508, 509], "excluded_lines": [], "start_line": 19}, "": {"executed_lines": [6, 7, 8, 9, 10, 11, 13, 14, 16, 19, 25, 34, 50, 66, 83, 96, 159, 216, 261, 299, 340, 363, 388, 408, 447, 479], "summary": {"covered_lines": 26, "num_statements": 26, "percent_covered": 100.0, "percent_covered_display": "100", "missing_lines": 0, "excluded_lines": 0, "percent_statements_covered": 100.0, "percent_statements_covered_display": "100"}, "missing_lines": [], "excluded_lines": [], "start_line": 1}}}, "app/utils/__init__.py": {"executed_lines": [6, 19, 32, 37], "summary": {"covered_lines": 4, "num_statements": 4, "percent_covered": 100.0, "percent_covered_display": "100", "missing_lines": 0, "excluded_lines": 0, "percent_statements_covered": 100.0, "percent_statements_covered_display": "100"}, "missing_lines": [], "excluded_lines": [], "functions": {"": {"executed_lines": [6, 19, 32, 37], "summary": {"covered_lines": 4, "num_statements": 4, "percent_covered": 100.0, "percent_covered_display": "100", "missing_lines": 0, "excluded_lines": 0, "percent_statements_covered": 100.0, "percent_statements_covered_display": "100"}, "missing_lines": [], "excluded_lines": [], "start_line": 1}}, "classes": {"": {"executed_lines": [6, 19, 32, 37], "summary": {"covered_lines": 4, "num_statements": 4, "percent_covered": 100.0, "percent_covered_display": "100", "missing_lines": 0, "excluded_lines": 0, "percent_statements_covered": 100.0, "percent_statements_covered_display": "100"}, "missing_lines": [], "excluded_lines": [], "start_line": 1}}}, "app/utils/avatar.py": {"executed_lines": [7, 8, 9, 10, 11, 12, 15, 16, 17, 18, 19, 22, 31, 34, 54, 55, 58, 59, 60, 63, 64, 65, 66, 67, 69, 72, 92, 95, 96, 99, 102, 103, 104, 105, 106, 107, 108, 111, 112, 115, 116, 117, 120, 121, 122, 123, 124, 126, 129, 149, 150, 152, 155, 156, 166, 169, 170, 173, 175, 183, 184, 186, 189, 190, 191, 192, 195, 198, 199, 200, 203, 223, 226, 229, 230, 231, 233, 234, 237, 238, 241, 242, 245, 248, 265, 266, 267, 270, 272, 273, 274, 275, 276, 277, 279], "summary": {"covered_lines": 95, "num_statements": 102, "percent_covered": 93.13725490196079, "percent_covered_display": "93", "missing_lines": 7, "excluded_lines": 0, "percent_statements_covered": 93.13725490196079, "percent_statements_covered_display": "93"}, "missing_lines": [176, 177, 178, 180, 280, 281, 282], "excluded_lines": [], "functions": {"ensure_avatar_dir": {"executed_lines": [31], "summary": {"covered_lines": 1, "num_statements": 1, "percent_covered": 100.0, "percent_covered_display": "100", "missing_lines": 0, "excluded_lines": 0, "percent_statements_covered": 100.0, "percent_statements_covered_display": "100"}, "missing_lines": [], "excluded_lines": [], "start_line": 22}, "validate_image_file": {"executed_lines": [54, 55, 58, 59, 60, 63, 64, 65, 66, 67, 69], "summary": {"covered_lines": 11, "num_statements": 11, "percent_covered": 100.0, "percent_covered_display": "100", "missing_lines": 0, "excluded_lines": 0, "percent_statements_covered": 100.0, "percent_statements_covered_display": "100"}, "missing_lines": [], "excluded_lines": [], "start_line": 34}, "process_avatar_image": {"executed_lines": [92, 95, 96, 99, 102, 103, 104, 105, 106, 107, 108, 111, 112, 115, 116, 117, 120, 121, 122, 123, 124, 126], "summary": {"covered_lines": 22, "num_statements": 22, "percent_covered": 100.0, "percent_covered_display": "100", "missing_lines": 0, "excluded_lines": 0, "percent_statements_covered": 100.0, "percent_statements_covered_display": "100"}, "missing_lines": [], "excluded_lines": [], "start_line": 72}, "generate_initial_avatar": {"executed_lines": [149, 150, 152, 155, 156, 166, 169, 170, 173, 175, 183, 184, 186, 189, 190, 191, 192, 195, 198, 199, 200], "summary": {"covered_lines": 21, "num_statements": 25, "percent_covered": 84.0, "percent_covered_display": "84", "missing_lines": 4, "excluded_lines": 0, "percent_statements_covered": 84.0, "percent_statements_covered_display": "84"}, "missing_lines": [176, 177, 178, 180], "excluded_lines": [], "start_line": 129}, "save_avatar_file": {"executed_lines": [223, 226, 229, 230, 231, 233, 234, 237, 238, 241, 242, 245], "summary": {"covered_lines": 12, "num_statements": 12, "percent_covered": 100.0, "percent_covered_display": "100", "missing_lines": 0, "excluded_lines": 0, "percent_statements_covered": 100.0, "percent_statements_covered_display": "100"}, "missing_lines": [], "excluded_lines": [], "start_line": 203}, "delete_avatar_file": {"executed_lines": [265, 266, 267, 270, 272, 273, 274, 275, 276, 277, 279], "summary": {"covered_lines": 11, "num_statements": 14, "percent_covered": 78.57142857142857, "percent_covered_display": "79", "missing_lines": 3, "excluded_lines": 0, "percent_statements_covered": 78.57142857142857, "percent_statements_covered_display": "79"}, "missing_lines": [280, 281, 282], "excluded_lines": [], "start_line": 248}, "": {"executed_lines": [7, 8, 9, 10, 11, 12, 15, 16, 17, 18, 19, 22, 34, 72, 129, 203, 248], "summary": {"covered_lines": 17, "num_statements": 17, "percent_covered": 100.0, "percent_covered_display": "100", "missing_lines": 0, "excluded_lines": 0, "percent_statements_covered": 100.0, "percent_statements_covered_display": "100"}, "missing_lines": [], "excluded_lines": [], "start_line": 1}}, "classes": {"": {"executed_lines": [7, 8, 9, 10, 11, 12, 15, 16, 17, 18, 19, 22, 31, 34, 54, 55, 58, 59, 60, 63, 64, 65, 66, 67, 69, 72, 92, 95, 96, 99, 102, 103, 104, 105, 106, 107, 108, 111, 112, 115, 116, 117, 120, 121, 122, 123, 124, 126, 129, 149, 150, 152, 155, 156, 166, 169, 170, 173, 175, 183, 184, 186, 189, 190, 191, 192, 195, 198, 199, 200, 203, 223, 226, 229, 230, 231, 233, 234, 237, 238, 241, 242, 245, 248, 265, 266, 267, 270, 272, 273, 274, 275, 276, 277, 279], "summary": {"covered_lines": 95, "num_statements": 102, "percent_covered": 93.13725490196079, "percent_covered_display": "93", "missing_lines": 7, "excluded_lines": 0, "percent_statements_covered": 93.13725490196079, "percent_statements_covered_display": "93"}, "missing_lines": [176, 177, 178, 180, 280, 281, 282], "excluded_lines": [], "start_line": 1}}}, "app/utils/file.py": {"executed_lines": [7, 8, 9, 10, 11, 14, 29, 30, 32, 33, 36, 51, 52, 54, 57, 76, 77, 79, 82, 101, 103, 104, 105, 108, 109, 110, 112, 113, 114, 120, 140, 142, 145, 146, 149, 150, 151, 152, 153, 156, 157, 158, 161, 163, 171, 181, 184, 198, 199, 200, 201, 202, 208, 222, 225, 240, 241, 242, 243], "summary": {"covered_lines": 59, "num_statements": 64, "percent_covered": 92.1875, "percent_covered_display": "92", "missing_lines": 5, "excluded_lines": 0, "percent_statements_covered": 92.1875, "percent_statements_covered_display": "92"}, "missing_lines": [164, 165, 203, 204, 205], "excluded_lines": [], "functions": {"validate_file_type": {"executed_lines": [29, 30, 32, 33], "summary": {"covered_lines": 4, "num_statements": 4, "percent_covered": 100.0, "percent_covered_display": "100", "missing_lines": 0, "excluded_lines": 0, "percent_statements_covered": 100.0, "percent_statements_covered_display": "100"}, "missing_lines": [], "excluded_lines": [], "start_line": 14}, "validate_file_size": {"executed_lines": [51, 52, 54], "summary": {"covered_lines": 3, "num_statements": 3, "percent_covered": 100.0, "percent_covered_display": "100", "missing_lines": 0, "excluded_lines": 0, "percent_statements_covered": 100.0, "percent_statements_covered_display": "100"}, "missing_lines": [], "excluded_lines": [], "start_line": 36}, "validate_file_content_size": {"executed_lines": [76, 77, 79], "summary": {"covered_lines": 3, "num_statements": 3, "percent_covered": 100.0, "percent_covered_display": "100", "missing_lines": 0, "excluded_lines": 0, "percent_statements_covered": 100.0, "percent_statements_covered_display": "100"}, "missing_lines": [], "excluded_lines": [], "start_line": 57}, "save_uploaded_file": {"executed_lines": [101, 103, 104, 105, 108, 109, 110, 112, 113, 114], "summary": {"covered_lines": 10, "num_statements": 10, "percent_covered": 100.0, "percent_covered_display": "100", "missing_lines": 0, "excluded_lines": 0, "percent_statements_covered": 100.0, "percent_statements_covered_display": "100"}, "missing_lines": [], "excluded_lines": [], "start_line": 82}, "save_uploaded_file_with_size": {"executed_lines": [140, 142, 145, 146, 149, 150, 151, 152, 153, 156, 157, 158, 161, 163], "summary": {"covered_lines": 14, "num_statements": 16, "percent_covered": 87.5, "percent_covered_display": "88", "missing_lines": 2, "excluded_lines": 0, "percent_statements_covered": 87.5, "percent_statements_covered_display": "88"}, "missing_lines": [164, 165], "excluded_lines": [], "start_line": 120}, "ensure_directory_exists": {"executed_lines": [181], "summary": {"covered_lines": 1, "num_statements": 1, "percent_covered": 100.0, "percent_covered_display": "100", "missing_lines": 0, "excluded_lines": 0, "percent_statements_covered": 100.0, "percent_statements_covered_display": "100"}, "missing_lines": [], "excluded_lines": [], "start_line": 171}, "delete_file": {"executed_lines": [198, 199, 200, 201, 202], "summary": {"covered_lines": 5, "num_statements": 8, "percent_covered": 62.5, "percent_covered_display": "62", "missing_lines": 3, "excluded_lines": 0, "percent_statements_covered": 62.5, "percent_statements_covered_display": "62"}, "missing_lines": [203, 204, 205], "excluded_lines": [], "start_line": 184}, "get_file_extension": {"executed_lines": [222], "summary": {"covered_lines": 1, "num_statements": 1, "percent_covered": 100.0, "percent_covered_display": "100", "missing_lines": 0, "excluded_lines": 0, "percent_statements_covered": 100.0, "percent_statements_covered_display": "100"}, "missing_lines": [], "excluded_lines": [], "start_line": 208}, "generate_unique_filename": {"executed_lines": [240, 241, 242, 243], "summary": {"covered_lines": 4, "num_statements": 4, "percent_covered": 100.0, "percent_covered_display": "100", "missing_lines": 0, "excluded_lines": 0, "percent_statements_covered": 100.0, "percent_statements_covered_display": "100"}, "missing_lines": [], "excluded_lines": [], "start_line": 225}, "": {"executed_lines": [7, 8, 9, 10, 11, 14, 36, 57, 82, 120, 171, 184, 208, 225], "summary": {"covered_lines": 14, "num_statements": 14, "percent_covered": 100.0, "percent_covered_display": "100", "missing_lines": 0, "excluded_lines": 0, "percent_statements_covered": 100.0, "percent_statements_covered_display": "100"}, "missing_lines": [], "excluded_lines": [], "start_line": 1}}, "classes": {"": {"executed_lines": [7, 8, 9, 10, 11, 14, 29, 30, 32, 33, 36, 51, 52, 54, 57, 76, 77, 79, 82, 101, 103, 104, 105, 108, 109, 110, 112, 113, 114, 120, 140, 142, 145, 146, 149, 150, 151, 152, 153, 156, 157, 158, 161, 163, 171, 181, 184, 198, 199, 200, 201, 202, 208, 222, 225, 240, 241, 242, 243], "summary": {"covered_lines": 59, "num_statements": 64, "percent_covered": 92.1875, "percent_covered_display": "92", "missing_lines": 5, "excluded_lines": 0, "percent_statements_covered": 92.1875, "percent_statements_covered_display": "92"}, "missing_lines": [164, 165, 203, 204, 205], "excluded_lines": [], "start_line": 1}}}, "app/utils/websocket.py": {"executed_lines": [7, 9, 10, 12, 13, 14, 17, 34, 36, 38, 51, 52, 53, 54, 55, 56, 60, 74, 75, 76, 77, 78, 79, 80, 81, 82, 86, 99, 100, 101, 102, 104, 105, 110, 117, 121, 122, 124, 126, 127, 128, 129, 130, 133, 135, 148, 149, 150, 154], "summary": {"covered_lines": 49, "num_statements": 49, "percent_covered": 100.0, "percent_covered_display": "100", "missing_lines": 0, "excluded_lines": 0, "percent_statements_covered": 100.0, "percent_statements_covered_display": "100"}, "missing_lines": [], "excluded_lines": [], "functions": {"MessageWebSocketManager.__init__": {"executed_lines": [36], "summary": {"covered_lines": 1, "num_statements": 1, "percent_covered": 100.0, "percent_covered_display": "100", "missing_lines": 0, "excluded_lines": 0, "percent_statements_covered": 100.0, "percent_statements_covered_display": "100"}, "missing_lines": [], "excluded_lines": [], "start_line": 34}, "MessageWebSocketManager.connect": {"executed_lines": [51, 52, 53, 54, 55, 56], "summary": {"covered_lines": 6, "num_statements": 6, "percent_covered": 100.0, "percent_covered_display": "100", "missing_lines": 0, "excluded_lines": 0, "percent_statements_covered": 100.0, "percent_statements_covered_display": "100"}, "missing_lines": [], "excluded_lines": [], "start_line": 38}, "MessageWebSocketManager.disconnect": {"executed_lines": [74, 75, 76, 77, 78, 79, 80, 81, 82], "summary": {"covered_lines": 9, "num_statements": 9, "percent_covered": 100.0, "percent_covered_display": "100", "missing_lines": 0, "excluded_lines": 0, "percent_statements_covered": 100.0, "percent_statements_covered_display": "100"}, "missing_lines": [], "excluded_lines": [], "start_line": 60}, "MessageWebSocketManager.send_message_update": {"executed_lines": [99, 100, 101, 102, 104, 105, 110, 117, 121, 122, 124, 126, 127, 128, 129, 130, 133], "summary": {"covered_lines": 17, "num_statements": 17, "percent_covered": 100.0, "percent_covered_display": "100", "missing_lines": 0, "excluded_lines": 0, "percent_statements_covered": 100.0, "percent_statements_covered_display": "100"}, "missing_lines": [], "excluded_lines": [], "start_line": 86}, "MessageWebSocketManager.broadcast_user_update": {"executed_lines": [148, 149, 150], "summary": {"covered_lines": 3, "num_statements": 3, "percent_covered": 100.0, "percent_covered_display": "100", "missing_lines": 0, "excluded_lines": 0, "percent_statements_covered": 100.0, "percent_statements_covered_display": "100"}, "missing_lines": [], "excluded_lines": [], "start_line": 135}, "": {"executed_lines": [7, 9, 10, 12, 13, 14, 17, 34, 38, 60, 86, 135, 154], "summary": {"covered_lines": 13, "num_statements": 13, "percent_covered": 100.0, "percent_covered_display": "100", "missing_lines": 0, "excluded_lines": 0, "percent_statements_covered": 100.0, "percent_statements_covered_display": "100"}, "missing_lines": [], "excluded_lines": [], "start_line": 1}}, "classes": {"MessageWebSocketManager": {"executed_lines": [36, 51, 52, 53, 54, 55, 56, 74, 75, 76, 77, 78, 79, 80, 81, 82, 99, 100, 101, 102, 104, 105, 110, 117, 121, 122, 124, 126, 127, 128, 129, 130, 133, 148, 149, 150], "summary": {"covered_lines": 36, "num_statements": 36, "percent_covered": 100.0, "percent_covered_display": "100", "missing_lines": 0, "excluded_lines": 0, "percent_statements_covered": 100.0, "percent_statements_covered_display": "100"}, "missing_lines": [], "excluded_lines": [], "start_line": 17}, "": {"executed_lines": [7, 9, 10, 12, 13, 14, 17, 34, 38, 60, 86, 135, 154], "summary": {"covered_lines": 13, "num_statements": 13, "percent_covered": 100.0, "percent_covered_display": "100", "missing_lines": 0, "excluded_lines": 0, "percent_statements_covered": 100.0, "percent_statements_covered_display": "100"}, "missing_lines": [], "excluded_lines": [], "start_line": 1}}}}, "totals": {"covered_lines": 3982, "num_statements": 5375, "percent_covered": 74.08372093023256, "percent_covered_display": "74", "missing_lines": 1393, "excluded_lines": 0, "percent_statements_covered": 74.08372093023256, "percent_statements_covered_display": "74"}}